

Started GET "/artists/" for 127.0.0.1 at Sun Feb 13 16:20:28 -0500 2011
  Processing by ArtistsController#index as HTML
  [1m[36mArtist Load (2.3ms)[0m  [1mSELECT "artists".* FROM "artists"[0m
SQLite3::SQLException: no such table: artists: SELECT "artists".* FROM "artists"
Completed   in 282ms

ActiveRecord::StatementInvalid (SQLite3::SQLException: no such table: artists: SELECT "artists".* FROM "artists"):
  app/controllers/artists_controller.rb:5:in `index'

Rendered /usr/lib/ruby/gems/1.8/gems/actionpack-3.0.3/lib/action_dispatch/middleware/templates/rescues/_trace.erb (4.0ms)
Rendered /usr/lib/ruby/gems/1.8/gems/actionpack-3.0.3/lib/action_dispatch/middleware/templates/rescues/_request_and_response.erb (27.1ms)
Rendered /usr/lib/ruby/gems/1.8/gems/actionpack-3.0.3/lib/action_dispatch/middleware/templates/rescues/diagnostics.erb within rescues/layout (86.0ms)


Started GET "/artists" for 127.0.0.1 at Sun Feb 13 16:20:33 -0500 2011
  Processing by ArtistsController#index as HTML
  [1m[35mArtist Load (0.8ms)[0m  SELECT "artists".* FROM "artists"
SQLite3::SQLException: no such table: artists: SELECT "artists".* FROM "artists"
Completed   in 223ms

ActiveRecord::StatementInvalid (SQLite3::SQLException: no such table: artists: SELECT "artists".* FROM "artists"):
  app/controllers/artists_controller.rb:5:in `index'

Rendered /usr/lib/ruby/gems/1.8/gems/actionpack-3.0.3/lib/action_dispatch/middleware/templates/rescues/_trace.erb (14.3ms)
Rendered /usr/lib/ruby/gems/1.8/gems/actionpack-3.0.3/lib/action_dispatch/middleware/templates/rescues/_request_and_response.erb (40.8ms)
Rendered /usr/lib/ruby/gems/1.8/gems/actionpack-3.0.3/lib/action_dispatch/middleware/templates/rescues/diagnostics.erb within rescues/layout (95.4ms)
  [1m[36mSQL (0.9ms)[0m  [1m SELECT name
 FROM sqlite_master
 WHERE type = 'table' AND NOT name = 'sqlite_sequence'
[0m
  [1m[35mSQL (0.7ms)[0m  select sqlite_version(*)
  [1m[36mSQL (279.0ms)[0m  [1mCREATE TABLE "schema_migrations" ("version" varchar(255) NOT NULL) [0m
  [1m[35mSQL (0.3ms)[0m  PRAGMA index_list("schema_migrations")
  [1m[36mSQL (233.9ms)[0m  [1mCREATE UNIQUE INDEX "unique_schema_migrations" ON "schema_migrations" ("version")[0m
  [1m[35mSQL (1.0ms)[0m   SELECT name
 FROM sqlite_master
 WHERE type = 'table' AND NOT name = 'sqlite_sequence'
  [1m[36mSQL (0.7ms)[0m  [1m SELECT name
 FROM sqlite_master
 WHERE type = 'table' AND NOT name = 'sqlite_sequence'
[0m
  [1m[35mSQL (0.5ms)[0m  SELECT "schema_migrations"."version" FROM "schema_migrations"
Migrating to CreateArtists (20110213210201)
  [1m[36mSQL (1.1ms)[0m  [1mCREATE TABLE "artists" ("id" INTEGER PRIMARY KEY AUTOINCREMENT NOT NULL, "website_url" varchar(255), "name" varchar(255), "created_at" datetime, "updated_at" datetime) [0m
  [1m[35mSQL (0.4ms)[0m  INSERT INTO "schema_migrations" ("version") VALUES ('20110213210201')
Migrating to CreateUsers (20110213210309)
  [1m[36mSQL (3.0ms)[0m  [1mCREATE TABLE "users" ("id" INTEGER PRIMARY KEY AUTOINCREMENT NOT NULL, "type" varchar(255), "username" varchar(255), "created_at" datetime, "updated_at" datetime) [0m
  [1m[35mSQL (0.8ms)[0m  INSERT INTO "schema_migrations" ("version") VALUES ('20110213210309')
Migrating to CreateComments (20110213210401)
  [1m[36mSQL (1.0ms)[0m  [1mCREATE TABLE "comments" ("id" INTEGER PRIMARY KEY AUTOINCREMENT NOT NULL, "body" text, "user_id" varchar(255), "created_at" datetime, "updated_at" datetime) [0m
  [1m[35mSQL (0.4ms)[0m  INSERT INTO "schema_migrations" ("version") VALUES ('20110213210401')
Migrating to CreateLocations (20110213210535)
  [1m[36mSQL (1.7ms)[0m  [1mCREATE TABLE "locations" ("id" INTEGER PRIMARY KEY AUTOINCREMENT NOT NULL, "x_coord" float, "y_coord" float, "description" text, "user_id" integer, "is_active" boolean, "created_at" datetime, "updated_at" datetime) [0m
  [1m[35mSQL (0.6ms)[0m  INSERT INTO "schema_migrations" ("version") VALUES ('20110213210535')
Migrating to CreateWorks (20110213210652)
  [1m[36mSQL (1.4ms)[0m  [1mCREATE TABLE "works" ("id" INTEGER PRIMARY KEY AUTOINCREMENT NOT NULL, "title" varchar(255), "description" text, "sketch" varchar(255), "artist_id" integer, "is_real" boolean, "created_at" datetime, "updated_at" datetime) [0m
  [1m[35mSQL (0.7ms)[0m  INSERT INTO "schema_migrations" ("version") VALUES ('20110213210652')
  [1m[36mSQL (1.1ms)[0m  [1m SELECT name
 FROM sqlite_master
 WHERE type = 'table' AND NOT name = 'sqlite_sequence'
[0m
  [1m[35mSQL (0.8ms)[0m  SELECT "schema_migrations"."version" FROM "schema_migrations"
  [1m[36mSQL (1.0ms)[0m  [1m SELECT name
 FROM sqlite_master
 WHERE type = 'table' AND NOT name = 'sqlite_sequence'
[0m
  [1m[35mSQL (0.2ms)[0m  PRAGMA index_list("artists")
  [1m[36mSQL (0.3ms)[0m  [1mPRAGMA index_list("comments")[0m
  [1m[35mSQL (0.2ms)[0m  PRAGMA index_list("locations")
  [1m[36mSQL (0.2ms)[0m  [1mPRAGMA index_list("users")[0m
  [1m[35mSQL (0.4ms)[0m  PRAGMA index_list("works")
  [1m[36mSQL (2.8ms)[0m  [1m SELECT name
 FROM sqlite_master
 WHERE type = 'table' AND NOT name = 'sqlite_sequence'
[0m
  [1m[35mSQL (1.5ms)[0m   SELECT name
 FROM sqlite_master
 WHERE type = 'table' AND NOT name = 'sqlite_sequence'
  [1m[36mSQL (0.9ms)[0m  [1mSELECT "schema_migrations"."version" FROM "schema_migrations"[0m
  [1m[35mAREL (0.5ms)[0m  DELETE FROM "artists" WHERE 1=1
  [1m[36mAREL (0.7ms)[0m  [1mDELETE FROM "users" WHERE 1=1[0m
  [1m[35mAREL (0.5ms)[0m  DELETE FROM "comments" WHERE 1=1
  [1m[36mAREL (0.4ms)[0m  [1mDELETE FROM "works" WHERE 1=1[0m
  [1m[35mAREL (0.4ms)[0m  DELETE FROM "locations" WHERE 1=1
  [1m[36mSQL (1.7ms)[0m  [1m SELECT name
 FROM sqlite_master
 WHERE type = 'table' AND NOT name = 'sqlite_sequence'
[0m
  [1m[35mSQL (5.5ms)[0m   SELECT name
 FROM sqlite_master
 WHERE type = 'table' AND NOT name = 'sqlite_sequence'
  [1m[36mSQL (0.6ms)[0m  [1mSELECT "schema_migrations"."version" FROM "schema_migrations"[0m
  [1m[35mAREL (0.5ms)[0m  DELETE FROM "artists" WHERE 1=1
  [1m[36mAREL (0.4ms)[0m  [1mDELETE FROM "users" WHERE 1=1[0m
  [1m[35mAREL (0.4ms)[0m  DELETE FROM "comments" WHERE 1=1
  [1m[36mAREL (0.4ms)[0m  [1mDELETE FROM "works" WHERE 1=1[0m
  [1m[35mAREL (0.4ms)[0m  DELETE FROM "locations" WHERE 1=1
  [1m[36mAREL (1.3ms)[0m  [1mINSERT INTO "artists" ("website_url", "created_at", "name", "updated_at") VALUES ('http://www.picasso.com', '2011-02-13 21:37:46.899799', 'Pablo Picasso', '2011-02-13 21:37:46.899799')[0m
  [1m[35mAREL (1.6ms)[0m  INSERT INTO "artists" ("website_url", "created_at", "name", "updated_at") VALUES ('http://www.davinci.com', '2011-02-13 21:37:47.182274', 'Leonardo DaVinci', '2011-02-13 21:37:47.182274')
WARNING: Can't mass-assign protected attributes: type
  [1m[36mAREL (3.5ms)[0m  [1mINSERT INTO "users" ("username", "updated_at", "type", "created_at") VALUES ('Taylor Waylor', '2011-02-13 21:37:47.346068', NULL, '2011-02-13 21:37:47.346068')[0m
WARNING: Can't mass-assign protected attributes: type
  [1m[35mAREL (0.8ms)[0m  INSERT INTO "users" ("username", "updated_at", "type", "created_at") VALUES ('Tommy Menino', '2011-02-13 21:37:47.461963', NULL, '2011-02-13 21:37:47.461963')
  [1m[36mSQL (1.0ms)[0m  [1m SELECT name
 FROM sqlite_master
 WHERE type = 'table' AND NOT name = 'sqlite_sequence'
[0m
  [1m[36mSQL (1.7ms)[0m  [1m SELECT name
 FROM sqlite_master
 WHERE type = 'table' AND NOT name = 'sqlite_sequence'
[0m
  [1m[35mSQL (1.8ms)[0m   SELECT name
 FROM sqlite_master
 WHERE type = 'table' AND NOT name = 'sqlite_sequence'
  [1m[36mSQL (0.9ms)[0m  [1mSELECT "schema_migrations"."version" FROM "schema_migrations"[0m
  [1m[35mAREL (221.5ms)[0m  DELETE FROM "artists" WHERE 1=1
  [1m[36mAREL (187.4ms)[0m  [1mDELETE FROM "users" WHERE 1=1[0m
  [1m[35mAREL (0.5ms)[0m  DELETE FROM "comments" WHERE 1=1
  [1m[36mAREL (0.5ms)[0m  [1mDELETE FROM "works" WHERE 1=1[0m
  [1m[35mAREL (0.4ms)[0m  DELETE FROM "locations" WHERE 1=1
  [1m[36mAREL (1.1ms)[0m  [1mINSERT INTO "artists" ("created_at", "name", "website_url", "updated_at") VALUES ('2011-02-13 21:38:12.580660', 'Pablo Picasso', 'http://www.picasso.com', '2011-02-13 21:38:12.580660')[0m
  [1m[35mAREL (1.1ms)[0m  INSERT INTO "artists" ("created_at", "name", "website_url", "updated_at") VALUES ('2011-02-13 21:38:12.728952', 'Leonardo DaVinci', 'http://www.davinci.com', '2011-02-13 21:38:12.728952')
WARNING: Can't mass-assign protected attributes: type
  [1m[36mAREL (1.4ms)[0m  [1mINSERT INTO "users" ("type", "updated_at", "created_at", "username") VALUES (NULL, '2011-02-13 21:38:12.856369', '2011-02-13 21:38:12.856369', 'Taylor Waylor')[0m
WARNING: Can't mass-assign protected attributes: type
  [1m[35mAREL (0.9ms)[0m  INSERT INTO "users" ("type", "updated_at", "created_at", "username") VALUES (NULL, '2011-02-13 21:38:12.961039', '2011-02-13 21:38:12.961039', 'Tommy Menino')
  [1m[36mUser Load (1.0ms)[0m  [1mSELECT "users".* FROM "users" WHERE ("users"."username" = 'Taylor Waylor') LIMIT 1[0m
  [1m[35mAREL (1.2ms)[0m  INSERT INTO "locations" ("description", "created_at", "is_active", "user_id", "y_coord", "x_coord", "updated_at") VALUES ('Active.', '2011-02-13 21:38:13.122706', 't', 3, -71.067679, 42.356496, '2011-02-13 21:38:13.122706')
  [1m[36mUser Load (0.7ms)[0m  [1mSELECT "users".* FROM "users" WHERE ("users"."username" = 'Taylor Waylor') LIMIT 1[0m
  [1m[35mAREL (0.9ms)[0m  INSERT INTO "locations" ("description", "created_at", "is_active", "user_id", "y_coord", "x_coord", "updated_at") VALUES ('Inactive.', '2011-02-13 21:38:13.255325', 'f', 3, -69.067679, 44.356496, '2011-02-13 21:38:13.255325')
  [1m[36mArtist Load (1.1ms)[0m  [1mSELECT "artists".* FROM "artists" WHERE ("artists"."name" = 'Pablo Picasso') LIMIT 1[0m
  [1m[35mAREL (1.0ms)[0m  INSERT INTO "works" ("is_real", "updated_at", "title", "created_at", "sketch", "artist_id", "description") VALUES ('f', '2011-02-13 21:38:13.391285', 'El Diablo', '2011-02-13 21:38:13.391285', 'http://i.imgur.com/tTn2Z.jpg', 3, 'It''s the devil, getit?')
  [1m[36mSQL (0.9ms)[0m  [1m SELECT name
 FROM sqlite_master
 WHERE type = 'table' AND NOT name = 'sqlite_sequence'
[0m
  [1m[35mSQL (24.8ms)[0m  select sqlite_version(*)
  [1m[36mSQL (254.6ms)[0m  [1mCREATE TABLE "schema_migrations" ("version" varchar(255) NOT NULL) [0m
  [1m[35mSQL (0.3ms)[0m  PRAGMA index_list("schema_migrations")
  [1m[36mSQL (102.9ms)[0m  [1mCREATE UNIQUE INDEX "unique_schema_migrations" ON "schema_migrations" ("version")[0m
  [1m[35mSQL (0.7ms)[0m   SELECT name
 FROM sqlite_master
 WHERE type = 'table' AND NOT name = 'sqlite_sequence'
  [1m[36mSQL (0.6ms)[0m  [1m SELECT name
 FROM sqlite_master
 WHERE type = 'table' AND NOT name = 'sqlite_sequence'
[0m
  [1m[35mSQL (0.4ms)[0m  SELECT "schema_migrations"."version" FROM "schema_migrations"
Migrating to CreateArtists (20110213210201)
  [1m[36mSQL (1.6ms)[0m  [1mCREATE TABLE "artists" ("id" INTEGER PRIMARY KEY AUTOINCREMENT NOT NULL, "website_url" varchar(255), "name" varchar(255), "created_at" datetime, "updated_at" datetime) [0m
  [1m[35mSQL (0.5ms)[0m  INSERT INTO "schema_migrations" ("version") VALUES ('20110213210201')
Migrating to CreateUsers (20110213210309)
  [1m[36mSQL (0.9ms)[0m  [1mCREATE TABLE "users" ("id" INTEGER PRIMARY KEY AUTOINCREMENT NOT NULL, "type" varchar(255), "username" varchar(255), "created_at" datetime, "updated_at" datetime) [0m
  [1m[35mSQL (0.5ms)[0m  INSERT INTO "schema_migrations" ("version") VALUES ('20110213210309')
Migrating to CreateComments (20110213210401)
  [1m[36mSQL (1.2ms)[0m  [1mCREATE TABLE "comments" ("id" INTEGER PRIMARY KEY AUTOINCREMENT NOT NULL, "body" text, "user_id" varchar(255), "created_at" datetime, "updated_at" datetime) [0m
  [1m[35mSQL (0.5ms)[0m  INSERT INTO "schema_migrations" ("version") VALUES ('20110213210401')
Migrating to CreateLocations (20110213210535)
  [1m[36mSQL (1.0ms)[0m  [1mCREATE TABLE "locations" ("id" INTEGER PRIMARY KEY AUTOINCREMENT NOT NULL, "x_coord" float, "y_coord" float, "description" text, "user_id" integer, "is_active" boolean, "created_at" datetime, "updated_at" datetime) [0m
  [1m[35mSQL (0.4ms)[0m  INSERT INTO "schema_migrations" ("version") VALUES ('20110213210535')
Migrating to CreateWorks (20110213210652)
  [1m[36mSQL (1.0ms)[0m  [1mCREATE TABLE "works" ("id" INTEGER PRIMARY KEY AUTOINCREMENT NOT NULL, "title" varchar(255), "description" text, "sketch" varchar(255), "artist_id" integer, "is_real" boolean, "created_at" datetime, "updated_at" datetime) [0m
  [1m[35mSQL (0.5ms)[0m  INSERT INTO "schema_migrations" ("version") VALUES ('20110213210652')
  [1m[36mSQL (1.0ms)[0m  [1m SELECT name
 FROM sqlite_master
 WHERE type = 'table' AND NOT name = 'sqlite_sequence'
[0m
  [1m[35mSQL (1.0ms)[0m  SELECT "schema_migrations"."version" FROM "schema_migrations"
  [1m[36mSQL (1.5ms)[0m  [1m SELECT name
 FROM sqlite_master
 WHERE type = 'table' AND NOT name = 'sqlite_sequence'
[0m
  [1m[35mSQL (0.3ms)[0m  PRAGMA index_list("artists")
  [1m[36mSQL (0.3ms)[0m  [1mPRAGMA index_list("comments")[0m
  [1m[35mSQL (0.3ms)[0m  PRAGMA index_list("locations")
  [1m[36mSQL (0.3ms)[0m  [1mPRAGMA index_list("users")[0m
  [1m[35mSQL (0.3ms)[0m  PRAGMA index_list("works")
  [1m[36mSQL (1.7ms)[0m  [1m SELECT name
 FROM sqlite_master
 WHERE type = 'table' AND NOT name = 'sqlite_sequence'
[0m
  [1m[35mSQL (3.7ms)[0m   SELECT name
 FROM sqlite_master
 WHERE type = 'table' AND NOT name = 'sqlite_sequence'
  [1m[36mSQL (1.0ms)[0m  [1mSELECT "schema_migrations"."version" FROM "schema_migrations"[0m
  [1m[35mAREL (0.4ms)[0m  DELETE FROM "artists" WHERE 1=1
  [1m[36mAREL (0.3ms)[0m  [1mDELETE FROM "users" WHERE 1=1[0m
  [1m[35mAREL (0.4ms)[0m  DELETE FROM "comments" WHERE 1=1
  [1m[36mAREL (0.3ms)[0m  [1mDELETE FROM "works" WHERE 1=1[0m
  [1m[35mAREL (0.4ms)[0m  DELETE FROM "locations" WHERE 1=1
  [1m[36mAREL (1.0ms)[0m  [1mINSERT INTO "artists" ("website_url", "updated_at", "created_at", "name") VALUES ('http://www.picasso.com', '2011-02-14 01:42:35.400579', '2011-02-14 01:42:35.400579', 'Pablo Picasso')[0m
  [1m[35mAREL (0.8ms)[0m  INSERT INTO "artists" ("website_url", "updated_at", "created_at", "name") VALUES ('http://www.davinci.com', '2011-02-14 01:42:35.630756', '2011-02-14 01:42:35.630756', 'Leonardo DaVinci')
WARNING: Can't mass-assign protected attributes: type
  [1m[36mAREL (0.8ms)[0m  [1mINSERT INTO "users" ("created_at", "updated_at", "username", "type") VALUES ('2011-02-14 01:42:35.758667', '2011-02-14 01:42:35.758667', 'Taylor Waylor', NULL)[0m
WARNING: Can't mass-assign protected attributes: type
  [1m[35mAREL (0.8ms)[0m  INSERT INTO "users" ("created_at", "updated_at", "username", "type") VALUES ('2011-02-14 01:42:35.874900', '2011-02-14 01:42:35.874900', 'Tommy Menino', NULL)
  [1m[36mUser Load (0.8ms)[0m  [1mSELECT "users".* FROM "users" WHERE ("users"."username" = 'Taylor Waylor') LIMIT 1[0m
  [1m[35mAREL (0.9ms)[0m  INSERT INTO "locations" ("updated_at", "user_id", "x_coord", "is_active", "y_coord", "created_at", "description") VALUES ('2011-02-14 01:42:36.017362', 1, 42.356496, 't', -71.067679, '2011-02-14 01:42:36.017362', 'Active.')
  [1m[36mUser Load (0.7ms)[0m  [1mSELECT "users".* FROM "users" WHERE ("users"."username" = 'Taylor Waylor') LIMIT 1[0m
  [1m[35mAREL (0.7ms)[0m  INSERT INTO "locations" ("updated_at", "user_id", "x_coord", "is_active", "y_coord", "created_at", "description") VALUES ('2011-02-14 01:42:36.144760', 1, 44.356496, 'f', -69.067679, '2011-02-14 01:42:36.144760', 'Inactive.')
  [1m[36mArtist Load (0.7ms)[0m  [1mSELECT "artists".* FROM "artists" WHERE ("artists"."name" = 'Pablo Picasso') LIMIT 1[0m
  [1m[35mAREL (0.9ms)[0m  INSERT INTO "works" ("artist_id", "created_at", "title", "updated_at", "sketch", "is_real", "description") VALUES (1, '2011-02-14 01:42:36.336608', 'El Diablo', '2011-02-14 01:42:36.336608', 'http://i.imgur.com/tTn2Z.jpg', 'f', 'It''s the devil, getit?')
  [1m[36mSQL (0.8ms)[0m  [1m SELECT name
 FROM sqlite_master
 WHERE type = 'table' AND NOT name = 'sqlite_sequence'
[0m
  [1m[35mLocation Load (1.0ms)[0m  SELECT "locations".* FROM "locations" WHERE ("locations"."id" = 2) LIMIT 1
  [1m[36mLocation Load (0.9ms)[0m  [1mSELECT "locations".* FROM "locations" WHERE ("locations"."id" = 2) LIMIT 1[0m
  [1m[35mLocation Load (0.9ms)[0m  SELECT "locations".* FROM "locations" WHERE ("locations"."id" = 2) LIMIT 1
  [1m[36mLocation Load (0.9ms)[0m  [1mSELECT "locations".* FROM "locations" WHERE ("locations"."id" = 2) LIMIT 1[0m
  [1m[35mLocation Load (0.9ms)[0m  SELECT "locations".* FROM "locations" WHERE ("locations"."id" = 2) LIMIT 1
  [1m[36mSQL (1.8ms)[0m  [1m SELECT name
 FROM sqlite_master
 WHERE type = 'table' AND NOT name = 'sqlite_sequence'
[0m
  [1m[35mSQL (1.0ms)[0m   SELECT name
 FROM sqlite_master
 WHERE type = 'table' AND NOT name = 'sqlite_sequence'
  [1m[36mSQL (0.8ms)[0m  [1mSELECT "schema_migrations"."version" FROM "schema_migrations"[0m
  [1m[35mAREL (223.0ms)[0m  DELETE FROM "artists" WHERE 1=1
  [1m[36mAREL (193.8ms)[0m  [1mDELETE FROM "users" WHERE 1=1[0m
  [1m[35mAREL (0.5ms)[0m  DELETE FROM "comments" WHERE 1=1
  [1m[36mAREL (120.6ms)[0m  [1mDELETE FROM "works" WHERE 1=1[0m
  [1m[35mAREL (148.4ms)[0m  DELETE FROM "locations" WHERE 1=1
  [1m[36mAREL (1.2ms)[0m  [1mINSERT INTO "artists" ("updated_at", "website_url", "created_at", "name") VALUES ('2011-02-14 19:47:56.980429', 'http://www.picasso.com', '2011-02-14 19:47:56.980429', 'Pablo Picasso')[0m
  [1m[35mAREL (0.9ms)[0m  INSERT INTO "artists" ("updated_at", "website_url", "created_at", "name") VALUES ('2011-02-14 19:47:57.248246', 'http://www.davinci.com', '2011-02-14 19:47:57.248246', 'Leonardo DaVinci')
WARNING: Can't mass-assign protected attributes: type
  [1m[36mAREL (0.7ms)[0m  [1mINSERT INTO "users" ("type", "username", "updated_at", "created_at") VALUES (NULL, 'Taylor Waylor', '2011-02-14 19:47:57.522005', '2011-02-14 19:47:57.522005')[0m
WARNING: Can't mass-assign protected attributes: type
  [1m[35mAREL (0.9ms)[0m  INSERT INTO "users" ("type", "username", "updated_at", "created_at") VALUES (NULL, 'Tommy Menino', '2011-02-14 19:47:57.781525', '2011-02-14 19:47:57.781525')
  [1m[36mUser Load (1.1ms)[0m  [1mSELECT "users".* FROM "users" WHERE ("users"."username" = 'Taylor Waylor') LIMIT 1[0m
  [1m[35mAREL (1.0ms)[0m  INSERT INTO "locations" ("y_coord", "created_at", "is_active", "user_id", "updated_at", "description", "x_coord") VALUES (-71.067679, '2011-02-14 19:47:57.949533', 't', 3, '2011-02-14 19:47:57.949533', 'Active.', 42.356496)
  [1m[36mUser Load (0.9ms)[0m  [1mSELECT "users".* FROM "users" WHERE ("users"."username" = 'Taylor Waylor') LIMIT 1[0m
  [1m[35mAREL (1.1ms)[0m  INSERT INTO "locations" ("y_coord", "created_at", "is_active", "user_id", "updated_at", "description", "x_coord") VALUES (-71.067779, '2011-02-14 19:47:58.084779', 'f', 3, '2011-02-14 19:47:58.084779', 'Inactive.', 42.357496)
  [1m[36mArtist Load (0.6ms)[0m  [1mSELECT "artists".* FROM "artists" WHERE ("artists"."name" = 'Pablo Picasso') LIMIT 1[0m
  [1m[35mAREL (0.9ms)[0m  INSERT INTO "works" ("description", "is_real", "artist_id", "created_at", "updated_at", "sketch", "title") VALUES ('It''s the devil, getit?', 'f', 3, '2011-02-14 19:47:58.274762', '2011-02-14 19:47:58.274762', 'http://i.imgur.com/tTn2Z.jpg', 'El Diablo')
  [1m[36mLocation Load (1.6ms)[0m  [1mSELECT "locations".* FROM "locations" LIMIT 1[0m
  [1m[35mWork Load (2.1ms)[0m  SELECT "works".* FROM "works" LIMIT 1


Started GET "/" for 127.0.0.1 at Tue Feb 15 10:21:09 -0500 2011
  Processing by LocationsController#index as HTML
  [1m[36mLocation Load (2.4ms)[0m  [1mSELECT "locations".* FROM "locations"[0m
  [1m[35mSQL (1.0ms)[0m   SELECT name
 FROM sqlite_master
 WHERE type = 'table' AND NOT name = 'sqlite_sequence'
  [1m[36mUser Load (0.7ms)[0m  [1mSELECT "users".* FROM "users" WHERE ("users"."id" = 3) LIMIT 1[0m
  [1m[35mWork Load (1.2ms)[0m  SELECT "works".* FROM "works" WHERE ("works".location_id = 3)
SQLite3::SQLException: no such column: works.location_id: SELECT "works".* FROM "works" WHERE ("works".location_id = 3)
Rendered locations/index.html.erb within layouts/application (236.4ms)
Completed   in 916ms

ActionView::Template::Error (SQLite3::SQLException: no such column: works.location_id: SELECT "works".* FROM "works" WHERE ("works".location_id = 3)):
    18: 			'<p> proposed by:'+
    19: 			'<%=User.find_by_id(location.user_id).username %></p>'+
    20: 			'<h3>Current Works:</h3>'+
    21: 			<% location.works.each do |work| %>
    22: 				'<%= link_to work.title, work %> <br />'
    23: 			<% end %>;  
    24: 		var info<%=i%> = new google.maps.InfoWindow({
  app/views/locations/index.html.erb:21:in `_app_views_locations_index_html_erb__1030729018__616550458_0'
  app/views/locations/index.html.erb:14:in `each'
  app/views/locations/index.html.erb:14:in `_app_views_locations_index_html_erb__1030729018__616550458_0'
  app/controllers/locations_controller.rb:7:in `index'

Rendered /usr/lib/ruby/gems/1.8/gems/actionpack-3.0.3/lib/action_dispatch/middleware/templates/rescues/_trace.erb (6.0ms)
Rendered /usr/lib/ruby/gems/1.8/gems/actionpack-3.0.3/lib/action_dispatch/middleware/templates/rescues/_request_and_response.erb (33.4ms)
Rendered /usr/lib/ruby/gems/1.8/gems/actionpack-3.0.3/lib/action_dispatch/middleware/templates/rescues/template_error.erb within rescues/layout (124.4ms)
  [1m[36mSQL (0.9ms)[0m  [1m SELECT name
 FROM sqlite_master
 WHERE type = 'table' AND NOT name = 'sqlite_sequence'
[0m
  [1m[35mSQL (0.5ms)[0m  select sqlite_version(*)
  [1m[36mSQL (275.7ms)[0m  [1mCREATE TABLE "schema_migrations" ("version" varchar(255) NOT NULL) [0m
  [1m[35mSQL (0.2ms)[0m  PRAGMA index_list("schema_migrations")
  [1m[36mSQL (176.4ms)[0m  [1mCREATE UNIQUE INDEX "unique_schema_migrations" ON "schema_migrations" ("version")[0m
  [1m[35mSQL (0.6ms)[0m   SELECT name
 FROM sqlite_master
 WHERE type = 'table' AND NOT name = 'sqlite_sequence'
  [1m[36mSQL (0.6ms)[0m  [1m SELECT name
 FROM sqlite_master
 WHERE type = 'table' AND NOT name = 'sqlite_sequence'
[0m
  [1m[35mSQL (0.4ms)[0m  SELECT "schema_migrations"."version" FROM "schema_migrations"
Migrating to CreateArtists (20110213210201)
  [1m[36mSQL (1.8ms)[0m  [1mCREATE TABLE "artists" ("id" INTEGER PRIMARY KEY AUTOINCREMENT NOT NULL, "website_url" varchar(255), "name" varchar(255), "created_at" datetime, "updated_at" datetime) [0m
  [1m[35mSQL (0.5ms)[0m  INSERT INTO "schema_migrations" ("version") VALUES ('20110213210201')
Migrating to CreateUsers (20110213210309)
  [1m[36mSQL (1.5ms)[0m  [1mCREATE TABLE "users" ("id" INTEGER PRIMARY KEY AUTOINCREMENT NOT NULL, "type" varchar(255), "username" varchar(255), "created_at" datetime, "updated_at" datetime) [0m
  [1m[35mSQL (0.8ms)[0m  INSERT INTO "schema_migrations" ("version") VALUES ('20110213210309')
Migrating to CreateComments (20110213210401)
  [1m[36mSQL (1.0ms)[0m  [1mCREATE TABLE "comments" ("id" INTEGER PRIMARY KEY AUTOINCREMENT NOT NULL, "body" text, "user_id" varchar(255), "created_at" datetime, "updated_at" datetime) [0m
  [1m[35mSQL (0.4ms)[0m  INSERT INTO "schema_migrations" ("version") VALUES ('20110213210401')
Migrating to CreateLocations (20110213210535)
  [1m[36mSQL (1.3ms)[0m  [1mCREATE TABLE "locations" ("id" INTEGER PRIMARY KEY AUTOINCREMENT NOT NULL, "x_coord" float, "y_coord" float, "description" text, "user_id" integer, "is_active" boolean, "created_at" datetime, "updated_at" datetime) [0m
  [1m[35mSQL (0.4ms)[0m  INSERT INTO "schema_migrations" ("version") VALUES ('20110213210535')
Migrating to CreateWorks (20110213210652)
  [1m[36mSQL (1.1ms)[0m  [1mCREATE TABLE "works" ("id" INTEGER PRIMARY KEY AUTOINCREMENT NOT NULL, "title" varchar(255), "description" text, "sketch" varchar(255), "artist_id" integer, "is_real" boolean, "location_id" integer, "created_at" datetime, "updated_at" datetime) [0m
  [1m[35mSQL (0.4ms)[0m  INSERT INTO "schema_migrations" ("version") VALUES ('20110213210652')
  [1m[36mSQL (0.7ms)[0m  [1m SELECT name
 FROM sqlite_master
 WHERE type = 'table' AND NOT name = 'sqlite_sequence'
[0m
  [1m[35mSQL (0.6ms)[0m  SELECT "schema_migrations"."version" FROM "schema_migrations"
  [1m[36mSQL (0.7ms)[0m  [1m SELECT name
 FROM sqlite_master
 WHERE type = 'table' AND NOT name = 'sqlite_sequence'
[0m
  [1m[35mSQL (0.2ms)[0m  PRAGMA index_list("artists")
  [1m[36mSQL (0.2ms)[0m  [1mPRAGMA index_list("comments")[0m
  [1m[35mSQL (0.2ms)[0m  PRAGMA index_list("locations")
  [1m[36mSQL (0.2ms)[0m  [1mPRAGMA index_list("users")[0m
  [1m[35mSQL (0.2ms)[0m  PRAGMA index_list("works")
  [1m[36mSQL (1.8ms)[0m  [1m SELECT name
 FROM sqlite_master
 WHERE type = 'table' AND NOT name = 'sqlite_sequence'
[0m
  [1m[35mSQL (1.0ms)[0m   SELECT name
 FROM sqlite_master
 WHERE type = 'table' AND NOT name = 'sqlite_sequence'
  [1m[36mSQL (0.9ms)[0m  [1mSELECT "schema_migrations"."version" FROM "schema_migrations"[0m
  [1m[35mAREL (0.5ms)[0m  DELETE FROM "artists" WHERE 1=1
  [1m[36mAREL (0.3ms)[0m  [1mDELETE FROM "users" WHERE 1=1[0m
  [1m[35mAREL (0.4ms)[0m  DELETE FROM "comments" WHERE 1=1
  [1m[36mAREL (0.3ms)[0m  [1mDELETE FROM "works" WHERE 1=1[0m
  [1m[35mAREL (0.4ms)[0m  DELETE FROM "locations" WHERE 1=1
  [1m[36mAREL (1.0ms)[0m  [1mINSERT INTO "artists" ("website_url", "created_at", "name", "updated_at") VALUES ('http://www.picasso.com', '2011-02-15 15:22:31.608811', 'Pablo Picasso', '2011-02-15 15:22:31.608811')[0m
  [1m[35mAREL (1.3ms)[0m  INSERT INTO "artists" ("website_url", "created_at", "name", "updated_at") VALUES ('http://www.davinci.com', '2011-02-15 15:22:31.835830', 'Leonardo DaVinci', '2011-02-15 15:22:31.835830')
WARNING: Can't mass-assign protected attributes: type
  [1m[36mAREL (0.9ms)[0m  [1mINSERT INTO "users" ("type", "username", "created_at", "updated_at") VALUES (NULL, 'Taylor Waylor', '2011-02-15 15:22:32.023235', '2011-02-15 15:22:32.023235')[0m
WARNING: Can't mass-assign protected attributes: type
  [1m[35mAREL (0.7ms)[0m  INSERT INTO "users" ("type", "username", "created_at", "updated_at") VALUES (NULL, 'Tommy Menino', '2011-02-15 15:22:32.200778', '2011-02-15 15:22:32.200778')
  [1m[36mUser Load (0.6ms)[0m  [1mSELECT "users".* FROM "users" WHERE ("users"."username" = 'Taylor Waylor') LIMIT 1[0m
  [1m[35mAREL (1.2ms)[0m  INSERT INTO "locations" ("x_coord", "created_at", "is_active", "updated_at", "description", "y_coord", "user_id") VALUES (42.356496, '2011-02-15 15:22:32.467643', 't', '2011-02-15 15:22:32.467643', 'Active.', -71.067679, 1)
  [1m[36mUser Load (0.8ms)[0m  [1mSELECT "users".* FROM "users" WHERE ("users"."username" = 'Taylor Waylor') LIMIT 1[0m
  [1m[35mAREL (1.1ms)[0m  INSERT INTO "locations" ("x_coord", "created_at", "is_active", "updated_at", "description", "y_coord", "user_id") VALUES (42.357496, '2011-02-15 15:22:32.717784', 'f', '2011-02-15 15:22:32.717784', 'Inactive.', -71.067779, 1)
  [1m[36mArtist Load (0.8ms)[0m  [1mSELECT "artists".* FROM "artists" WHERE ("artists"."name" = 'Pablo Picasso') LIMIT 1[0m
  [1m[35mLocation Load (0.9ms)[0m  SELECT "locations".* FROM "locations" WHERE ("locations"."description" = 'Active.') LIMIT 1
  [1m[36mAREL (1.9ms)[0m  [1mINSERT INTO "works" ("description", "title", "created_at", "artist_id", "updated_at", "is_real", "location_id", "sketch") VALUES ('It''s the devil, getit?', 'El Diablo', '2011-02-15 15:22:32.906479', 1, '2011-02-15 15:22:32.906479', 'f', 1, 'http://i.imgur.com/tTn2Z.jpg')[0m


Started GET "/" for 127.0.0.1 at Tue Feb 15 10:22:45 -0500 2011
  Processing by LocationsController#index as HTML
  [1m[36mLocation Load (1.2ms)[0m  [1mSELECT "locations".* FROM "locations"[0m
  [1m[35mUser Load (0.5ms)[0m  SELECT "users".* FROM "users" WHERE ("users"."id" = 3) LIMIT 1
  [1m[36mWork Load (0.8ms)[0m  [1mSELECT "works".* FROM "works" WHERE ("works".location_id = 3)[0m
SQLite3::SQLException: no such column: works.location_id: SELECT "works".* FROM "works" WHERE ("works".location_id = 3)
Rendered locations/index.html.erb within layouts/application (214.8ms)
Completed   in 262ms

ActionView::Template::Error (SQLite3::SQLException: no such column: works.location_id: SELECT "works".* FROM "works" WHERE ("works".location_id = 3)):
    18: 			'<p> proposed by:'+
    19: 			'<%=User.find_by_id(location.user_id).username %></p>'+
    20: 			'<h3>Current Works:</h3>'+
    21: 			<% location.works.each do |work| %>
    22: 				'<%= link_to work.title, work %> <br />'
    23: 			<% end %>;  
    24: 		var info<%=i%> = new google.maps.InfoWindow({
  app/views/locations/index.html.erb:21:in `_app_views_locations_index_html_erb__1030729018__617445688_0'
  app/views/locations/index.html.erb:14:in `each'
  app/views/locations/index.html.erb:14:in `_app_views_locations_index_html_erb__1030729018__617445688_0'
  app/controllers/locations_controller.rb:7:in `index'

Rendered /usr/lib/ruby/gems/1.8/gems/actionpack-3.0.3/lib/action_dispatch/middleware/templates/rescues/_trace.erb (4.4ms)
Rendered /usr/lib/ruby/gems/1.8/gems/actionpack-3.0.3/lib/action_dispatch/middleware/templates/rescues/_request_and_response.erb (21.0ms)
Rendered /usr/lib/ruby/gems/1.8/gems/actionpack-3.0.3/lib/action_dispatch/middleware/templates/rescues/template_error.erb within rescues/layout (37.2ms)


Started GET "/" for 127.0.0.1 at Tue Feb 15 10:22:46 -0500 2011
  Processing by LocationsController#index as HTML
  [1m[35mLocation Load (2.5ms)[0m  SELECT "locations".* FROM "locations"
  [1m[36mUser Load (0.8ms)[0m  [1mSELECT "users".* FROM "users" WHERE ("users"."id" = 1) LIMIT 1[0m
  [1m[35mWork Load (0.9ms)[0m  SELECT "works".* FROM "works" WHERE ("works".location_id = 1)
  [1m[36mCACHE (0.0ms)[0m  [1mSELECT "users".* FROM "users" WHERE ("users"."id" = 1) LIMIT 1[0m
  [1m[35mWork Load (0.6ms)[0m  SELECT "works".* FROM "works" WHERE ("works".location_id = 2)
Rendered locations/index.html.erb within layouts/application (270.6ms)
Completed 200 OK in 327ms (Views: 288.6ms | ActiveRecord: 4.8ms)


Started GET "/" for 127.0.0.1 at Tue Feb 15 10:22:49 -0500 2011
  Processing by LocationsController#index as HTML
  [1m[36mLocation Load (5.4ms)[0m  [1mSELECT "locations".* FROM "locations"[0m
  [1m[35mUser Load (0.7ms)[0m  SELECT "users".* FROM "users" WHERE ("users"."id" = 1) LIMIT 1
  [1m[36mWork Load (0.7ms)[0m  [1mSELECT "works".* FROM "works" WHERE ("works".location_id = 1)[0m
  [1m[35mCACHE (0.0ms)[0m  SELECT "users".* FROM "users" WHERE ("users"."id" = 1) LIMIT 1
  [1m[36mWork Load (0.5ms)[0m  [1mSELECT "works".* FROM "works" WHERE ("works".location_id = 2)[0m
Rendered locations/index.html.erb within layouts/application (363.5ms)
Completed 200 OK in 422ms (Views: 378.7ms | ActiveRecord: 7.4ms)


Started GET "/" for 127.0.0.1 at Tue Feb 15 10:25:38 -0500 2011
  Processing by LocationsController#index as HTML
  [1m[35mLocation Load (1.4ms)[0m  SELECT "locations".* FROM "locations"
  [1m[36mUser Load (0.5ms)[0m  [1mSELECT "users".* FROM "users" WHERE ("users"."id" = 1) LIMIT 1[0m
  [1m[35mWork Load (0.6ms)[0m  SELECT "works".* FROM "works" WHERE ("works".location_id = 1)
  [1m[36mCACHE (0.0ms)[0m  [1mSELECT "users".* FROM "users" WHERE ("users"."id" = 1) LIMIT 1[0m
  [1m[35mWork Load (0.7ms)[0m  SELECT "works".* FROM "works" WHERE ("works".location_id = 2)
Rendered locations/index.html.erb within layouts/application (146.0ms)
Completed 200 OK in 186ms (Views: 158.7ms | ActiveRecord: 3.3ms)


Started GET "/" for 127.0.0.1 at Tue Feb 15 10:25:40 -0500 2011
  Processing by LocationsController#index as HTML
  [1m[36mLocation Load (2.0ms)[0m  [1mSELECT "locations".* FROM "locations"[0m
  [1m[35mUser Load (0.8ms)[0m  SELECT "users".* FROM "users" WHERE ("users"."id" = 1) LIMIT 1
  [1m[36mWork Load (1.1ms)[0m  [1mSELECT "works".* FROM "works" WHERE ("works".location_id = 1)[0m
  [1m[35mCACHE (0.0ms)[0m  SELECT "users".* FROM "users" WHERE ("users"."id" = 1) LIMIT 1
  [1m[36mWork Load (0.6ms)[0m  [1mSELECT "works".* FROM "works" WHERE ("works".location_id = 2)[0m
Rendered locations/index.html.erb within layouts/application (181.6ms)
Completed 200 OK in 422ms (Views: 367.5ms | ActiveRecord: 4.6ms)


Started GET "/works/1" for 127.0.0.1 at Tue Feb 15 10:25:47 -0500 2011
  Processing by WorksController#show as HTML
  Parameters: {"id"=>"1"}
  [1m[35mWork Load (0.6ms)[0m  SELECT "works".* FROM "works" WHERE ("works"."id" = 1) LIMIT 1
  [1m[36mArtist Load (0.8ms)[0m  [1mSELECT "artists".* FROM "artists" WHERE ("artists"."id" = 1) LIMIT 1[0m
Rendered works/show.html.erb within layouts/application (25.8ms)
Completed 200 OK in 147ms (Views: 77.9ms | ActiveRecord: 1.4ms)


Started GET "/" for 127.0.0.1 at Tue Feb 15 10:30:34 -0500 2011
  Processing by LocationsController#index as HTML
  [1m[35mLocation Load (2.1ms)[0m  SELECT "locations".* FROM "locations"
  [1m[36mUser Load (0.8ms)[0m  [1mSELECT "users".* FROM "users" WHERE ("users"."id" = 1) LIMIT 1[0m
  [1m[35mWork Load (0.7ms)[0m  SELECT "works".* FROM "works" WHERE ("works".location_id = 1)
  [1m[36mCACHE (0.0ms)[0m  [1mSELECT "users".* FROM "users" WHERE ("users"."id" = 1) LIMIT 1[0m
  [1m[35mWork Load (0.5ms)[0m  SELECT "works".* FROM "works" WHERE ("works".location_id = 2)
Rendered locations/index.html.erb within layouts/application (264.1ms)
Completed 200 OK in 315ms (Views: 278.5ms | ActiveRecord: 4.1ms)


Started GET "/locations/new" for 127.0.0.1 at Tue Feb 15 10:30:38 -0500 2011
  Processing by LocationsController#new as HTML
Rendered locations/_form.html.erb (276.2ms)
Rendered locations/new.html.erb within layouts/application (298.8ms)
Completed 200 OK in 369ms (Views: 322.1ms | ActiveRecord: 0.0ms)


Started GET "/" for 127.0.0.1 at Tue Feb 15 10:31:21 -0500 2011
  Processing by LocationsController#index as HTML
  [1m[36mLocation Load (1.6ms)[0m  [1mSELECT "locations".* FROM "locations"[0m
  [1m[35mUser Load (0.6ms)[0m  SELECT "users".* FROM "users" WHERE ("users"."id" = 1) LIMIT 1
  [1m[36mWork Load (2.5ms)[0m  [1mSELECT "works".* FROM "works" WHERE ("works".location_id = 1)[0m
  [1m[35mCACHE (0.0ms)[0m  SELECT "users".* FROM "users" WHERE ("users"."id" = 1) LIMIT 1
  [1m[36mWork Load (0.5ms)[0m  [1mSELECT "works".* FROM "works" WHERE ("works".location_id = 2)[0m
Rendered locations/index.html.erb within layouts/application (149.4ms)
Completed 200 OK in 191ms (Views: 157.0ms | ActiveRecord: 5.2ms)


Started GET "/" for 127.0.0.1 at Tue Feb 15 10:36:25 -0500 2011
  Processing by LocationsController#index as HTML
  [1m[35mLocation Load (1.5ms)[0m  SELECT "locations".* FROM "locations"
  [1m[36mUser Load (0.5ms)[0m  [1mSELECT "users".* FROM "users" WHERE ("users"."id" = 1) LIMIT 1[0m
  [1m[35mWork Load (0.6ms)[0m  SELECT "works".* FROM "works" WHERE ("works".location_id = 1)
  [1m[36mCACHE (0.0ms)[0m  [1mSELECT "users".* FROM "users" WHERE ("users"."id" = 1) LIMIT 1[0m
  [1m[35mWork Load (0.5ms)[0m  SELECT "works".* FROM "works" WHERE ("works".location_id = 2)
Rendered locations/index.html.erb within layouts/application (154.0ms)
Completed 200 OK in 193ms (Views: 165.3ms | ActiveRecord: 3.2ms)


Started GET "/" for 127.0.0.1 at Tue Feb 15 10:44:54 -0500 2011
  Processing by LocationsController#index as HTML
  [1m[36mLocation Load (2.1ms)[0m  [1mSELECT "locations".* FROM "locations"[0m
  [1m[35mUser Load (0.5ms)[0m  SELECT "users".* FROM "users" WHERE ("users"."id" = 1) LIMIT 1
  [1m[36mWork Load (0.7ms)[0m  [1mSELECT "works".* FROM "works" WHERE ("works".location_id = 1)[0m
Rendered locations/index.html.erb within layouts/application (244.9ms)
Completed 200 OK in 281ms (Views: 257.6ms | ActiveRecord: 3.4ms)


Started GET "/works/new" for 127.0.0.1 at Tue Feb 15 10:45:08 -0500 2011
  Processing by WorksController#new as HTML
Rendered works/_form.html.erb (36.9ms)
Rendered works/new.html.erb within layouts/application (102.1ms)
Completed 200 OK in 245ms (Views: 198.3ms | ActiveRecord: 0.0ms)


Started GET "/" for 127.0.0.1 at Tue Feb 15 10:46:24 -0500 2011
  Processing by LocationsController#index as HTML
  [1m[35mLocation Load (2.6ms)[0m  SELECT "locations".* FROM "locations"
  [1m[36mUser Load (0.8ms)[0m  [1mSELECT "users".* FROM "users" WHERE ("users"."id" = 1) LIMIT 1[0m
  [1m[35mWork Load (0.9ms)[0m  SELECT "works".* FROM "works" WHERE ("works".location_id = 1)
Rendered locations/index.html.erb within layouts/application (208.8ms)
Completed 200 OK in 258ms (Views: 223.4ms | ActiveRecord: 4.3ms)


Started GET "/works/new" for 127.0.0.1 at Tue Feb 15 10:46:29 -0500 2011
  Processing by WorksController#new as HTML
Rendered works/_form.html.erb (60.5ms)
Rendered works/new.html.erb within layouts/application (80.2ms)
Completed 200 OK in 146ms (Views: 98.2ms | ActiveRecord: 0.0ms)
  [1m[36mLocation Load (2.7ms)[0m  [1mSELECT "locations".* FROM "locations"[0m
  [1m[35mArtist Load (0.6ms)[0m  SELECT "artists".* FROM "artists"


Started POST "/works" for 127.0.0.1 at Tue Feb 15 10:48:51 -0500 2011
  Processing by WorksController#create as HTML
  Parameters: {"commit"=>"Create Work", "authenticity_token"=>"KOV45RNfXE19y0fsYHV5QueSlYh1TSAMoruknIv6wpk=", "utf8"=>"✓", "work"=>{"is_real"=>"0", "location"=>"1", "title"=>"Not El Diablo", "sketch"=>"http://imgur.com/gallery/fMH5N", "description"=>"Not the devil at all.", "artist_id"=>"2"}}
Completed   in 106ms

ActiveRecord::AssociationTypeMismatch (Location(#-617051488) expected, got String(#-607895038)):
  app/controllers/works_controller.rb:44:in `new'
  app/controllers/works_controller.rb:44:in `create'

Rendered /usr/lib/ruby/gems/1.8/gems/actionpack-3.0.3/lib/action_dispatch/middleware/templates/rescues/_trace.erb (10.2ms)
Rendered /usr/lib/ruby/gems/1.8/gems/actionpack-3.0.3/lib/action_dispatch/middleware/templates/rescues/_request_and_response.erb (62.0ms)
Rendered /usr/lib/ruby/gems/1.8/gems/actionpack-3.0.3/lib/action_dispatch/middleware/templates/rescues/diagnostics.erb within rescues/layout (88.3ms)


Started POST "/works" for 127.0.0.1 at Tue Feb 15 10:49:22 -0500 2011
  Processing by WorksController#create as HTML
  Parameters: {"commit"=>"Create Work", "authenticity_token"=>"KOV45RNfXE19y0fsYHV5QueSlYh1TSAMoruknIv6wpk=", "utf8"=>"✓", "work"=>{"is_real"=>"0", "location"=>"1", "title"=>"Not El Diablo", "sketch"=>"http://imgur.com/gallery/fMH5N", "description"=>"Not the devil at all.", "artist_id"=>"2"}}
Completed   in 67ms

ActiveRecord::AssociationTypeMismatch (Location(#-617777818) expected, got String(#-607895038)):
  app/controllers/works_controller.rb:44:in `new'
  app/controllers/works_controller.rb:44:in `create'

Rendered /usr/lib/ruby/gems/1.8/gems/actionpack-3.0.3/lib/action_dispatch/middleware/templates/rescues/_trace.erb (6.2ms)
Rendered /usr/lib/ruby/gems/1.8/gems/actionpack-3.0.3/lib/action_dispatch/middleware/templates/rescues/_request_and_response.erb (145.3ms)
Rendered /usr/lib/ruby/gems/1.8/gems/actionpack-3.0.3/lib/action_dispatch/middleware/templates/rescues/diagnostics.erb within rescues/layout (164.4ms)


Started POST "/works" for 127.0.0.1 at Tue Feb 15 10:49:28 -0500 2011
  Processing by WorksController#create as HTML
  Parameters: {"commit"=>"Create Work", "authenticity_token"=>"KOV45RNfXE19y0fsYHV5QueSlYh1TSAMoruknIv6wpk=", "utf8"=>"✓", "work"=>{"is_real"=>"0", "location"=>"1", "title"=>"Not El Diablo", "sketch"=>"http://imgur.com/gallery/fMH5N", "description"=>"Not the devil at all.", "artist_id"=>"2"}}
Completed   in 114ms

ActiveRecord::AssociationTypeMismatch (Location(#-616695768) expected, got String(#-607895038)):
  app/controllers/works_controller.rb:44:in `new'
  app/controllers/works_controller.rb:44:in `create'

Rendered /usr/lib/ruby/gems/1.8/gems/actionpack-3.0.3/lib/action_dispatch/middleware/templates/rescues/_trace.erb (6.4ms)
Rendered /usr/lib/ruby/gems/1.8/gems/actionpack-3.0.3/lib/action_dispatch/middleware/templates/rescues/_request_and_response.erb (66.6ms)
Rendered /usr/lib/ruby/gems/1.8/gems/actionpack-3.0.3/lib/action_dispatch/middleware/templates/rescues/diagnostics.erb within rescues/layout (89.4ms)


Started GET "/works/new" for 127.0.0.1 at Tue Feb 15 10:49:40 -0500 2011
  Processing by WorksController#new as HTML
Rendered works/_form.html.erb (47.3ms)
Rendered works/new.html.erb within layouts/application (61.8ms)
Completed 200 OK in 110ms (Views: 73.9ms | ActiveRecord: 0.0ms)


Started GET "/works/new" for 127.0.0.1 at Tue Feb 15 10:49:42 -0500 2011
  Processing by WorksController#new as HTML
Rendered works/_form.html.erb (54.0ms)
Rendered works/new.html.erb within layouts/application (75.0ms)
Completed 200 OK in 281ms (Views: 94.9ms | ActiveRecord: 0.0ms)


Started POST "/works" for 127.0.0.1 at Tue Feb 15 10:50:05 -0500 2011
  Processing by WorksController#create as HTML
  Parameters: {"commit"=>"Create Work", "authenticity_token"=>"KOV45RNfXE19y0fsYHV5QueSlYh1TSAMoruknIv6wpk=", "utf8"=>"✓", "work"=>{"is_real"=>"0", "title"=>"Pas El Diablo", "sketch"=>"http://imgur.com/gallery/fMH5N", "location_id"=>"1", "description"=>"Not the devil at all.", "artist_id"=>"1"}}
  [1m[36mAREL (1.0ms)[0m  [1mINSERT INTO "works" ("artist_id", "sketch", "description", "title", "created_at", "is_real", "updated_at", "location_id") VALUES (1, 'http://imgur.com/gallery/fMH5N', 'Not the devil at all.', 'Pas El Diablo', '2011-02-15 15:50:06.081954', 'f', '2011-02-15 15:50:06.081954', 1)[0m
Redirected to http://localhost:3000/works/2
Completed 302 Found in 292ms


Started GET "/works/2" for 127.0.0.1 at Tue Feb 15 10:50:06 -0500 2011
  Processing by WorksController#show as HTML
  Parameters: {"id"=>"2"}
  [1m[35mWork Load (0.9ms)[0m  SELECT "works".* FROM "works" WHERE ("works"."id" = 2) LIMIT 1
  [1m[36mArtist Load (0.7ms)[0m  [1mSELECT "artists".* FROM "artists" WHERE ("artists"."id" = 1) LIMIT 1[0m
Rendered works/show.html.erb within layouts/application (30.9ms)
Completed 200 OK in 154ms (Views: 47.6ms | ActiveRecord: 1.7ms)


Started GET "/works/2" for 127.0.0.1 at Tue Feb 15 10:50:11 -0500 2011
  Processing by WorksController#show as HTML
  Parameters: {"id"=>"2"}
  [1m[35mWork Load (0.6ms)[0m  SELECT "works".* FROM "works" WHERE ("works"."id" = 2) LIMIT 1
  [1m[36mArtist Load (0.6ms)[0m  [1mSELECT "artists".* FROM "artists" WHERE ("artists"."id" = 1) LIMIT 1[0m
Rendered works/show.html.erb within layouts/application (24.3ms)
Completed 200 OK in 231ms (Views: 38.4ms | ActiveRecord: 1.2ms)


Started GET "/works/2/edit" for 127.0.0.1 at Tue Feb 15 10:50:43 -0500 2011
  Processing by WorksController#edit as HTML
  Parameters: {"id"=>"2"}
  [1m[35mWork Load (0.6ms)[0m  SELECT "works".* FROM "works" WHERE ("works"."id" = 2) LIMIT 1
Rendered works/_form.html.erb (51.1ms)
Rendered works/edit.html.erb within layouts/application (69.7ms)
Completed 200 OK in 149ms (Views: 83.3ms | ActiveRecord: 0.6ms)


Started POST "/works/2" for 127.0.0.1 at Tue Feb 15 10:50:50 -0500 2011
  Processing by WorksController#update as HTML
  Parameters: {"commit"=>"Update Work", "authenticity_token"=>"KOV45RNfXE19y0fsYHV5QueSlYh1TSAMoruknIv6wpk=", "utf8"=>"✓", "id"=>"2", "work"=>{"is_real"=>"0", "title"=>"Pas El Diablo", "sketch"=>"http://i.imgur.com/fMH5N.jpg", "location_id"=>"1", "description"=>"Not the devil at all.", "artist_id"=>"1"}}
  [1m[36mWork Load (0.6ms)[0m  [1mSELECT "works".* FROM "works" WHERE ("works"."id" = 2) LIMIT 1[0m
  [1m[35mAREL (0.7ms)[0m  UPDATE "works" SET "sketch" = 'http://i.imgur.com/fMH5N.jpg', "updated_at" = '2011-02-15 15:50:50.374566' WHERE ("works"."id" = 2)
Redirected to http://localhost:3000/works/2
Completed 302 Found in 274ms


Started GET "/works/2" for 127.0.0.1 at Tue Feb 15 10:50:50 -0500 2011
  Processing by WorksController#show as HTML
  Parameters: {"id"=>"2"}
  [1m[36mWork Load (0.6ms)[0m  [1mSELECT "works".* FROM "works" WHERE ("works"."id" = 2) LIMIT 1[0m
  [1m[35mArtist Load (0.5ms)[0m  SELECT "artists".* FROM "artists" WHERE ("artists"."id" = 1) LIMIT 1
Rendered works/show.html.erb within layouts/application (20.8ms)
Completed 200 OK in 105ms (Views: 33.1ms | ActiveRecord: 1.2ms)


Started GET "/works" for 127.0.0.1 at Tue Feb 15 10:51:40 -0500 2011
  Processing by WorksController#index as HTML
  [1m[36mWork Load (1.6ms)[0m  [1mSELECT "works".* FROM "works"[0m
Rendered works/index.html.erb within layouts/application (38.9ms)
Completed 200 OK in 92ms (Views: 52.4ms | ActiveRecord: 1.6ms)


Started GET "/" for 127.0.0.1 at Tue Feb 15 10:51:46 -0500 2011
  Processing by LocationsController#index as HTML
  [1m[35mLocation Load (1.4ms)[0m  SELECT "locations".* FROM "locations"
  [1m[36mUser Load (0.6ms)[0m  [1mSELECT "users".* FROM "users" WHERE ("users"."id" = 1) LIMIT 1[0m
  [1m[35mWork Load (0.8ms)[0m  SELECT "works".* FROM "works" WHERE ("works".location_id = 1)
Rendered locations/index.html.erb within layouts/application (147.5ms)
Completed 200 OK in 182ms (Views: 157.6ms | ActiveRecord: 2.8ms)


Started GET "/locations/1" for 127.0.0.1 at Tue Feb 15 11:05:07 -0500 2011
  Processing by LocationsController#show as HTML
  Parameters: {"id"=>"1"}
  [1m[36mLocation Load (0.6ms)[0m  [1mSELECT "locations".* FROM "locations" WHERE ("locations"."id" = 1) LIMIT 1[0m
Rendered locations/show.html.erb within layouts/application (26.6ms)
Completed 200 OK in 62ms (Views: 38.8ms | ActiveRecord: 0.6ms)


Started GET "/locations" for 127.0.0.1 at Tue Feb 15 11:05:12 -0500 2011
  Processing by LocationsController#index as HTML
  [1m[35mLocation Load (1.5ms)[0m  SELECT "locations".* FROM "locations"
  [1m[36mUser Load (0.5ms)[0m  [1mSELECT "users".* FROM "users" WHERE ("users"."id" = 1) LIMIT 1[0m
  [1m[35mWork Load (0.8ms)[0m  SELECT "works".* FROM "works" WHERE ("works".location_id = 1)
Rendered locations/index.html.erb within layouts/application (145.7ms)
Completed 200 OK in 192ms (Views: 156.9ms | ActiveRecord: 2.8ms)


Started GET "/locations/new" for 127.0.0.1 at Tue Feb 15 11:05:16 -0500 2011
  Processing by LocationsController#new as HTML
Rendered locations/_form.html.erb (33.6ms)
Rendered locations/new.html.erb within layouts/application (46.8ms)
Completed 200 OK in 85ms (Views: 58.1ms | ActiveRecord: 0.0ms)


Started POST "/locations" for 127.0.0.1 at Tue Feb 15 11:06:02 -0500 2011
  Processing by LocationsController#create as HTML
  Parameters: {"commit"=>"Create Location", "location"=>{"y_coord"=>"-71.067679", "x_coord"=>"42.358496", "user_id"=>"1", "is_active"=>"1", "description"=>"X coord: 42.356496\r\n\r\nY coord: -71.067679"}, "authenticity_token"=>"KOV45RNfXE19y0fsYHV5QueSlYh1TSAMoruknIv6wpk=", "utf8"=>"✓"}
  [1m[36mAREL (0.8ms)[0m  [1mINSERT INTO "locations" ("x_coord", "user_id", "created_at", "is_active", "y_coord", "description", "updated_at") VALUES (42.358496, 1, '2011-02-15 16:06:03.101189', 't', -71.067679, 'X coord: 42.356496

Y coord: -71.067679', '2011-02-15 16:06:03.101189')[0m
Redirected to http://localhost:3000/locations/3
Completed 302 Found in 270ms


Started GET "/locations/3" for 127.0.0.1 at Tue Feb 15 11:06:03 -0500 2011
  Processing by LocationsController#show as HTML
  Parameters: {"id"=>"3"}
  [1m[35mLocation Load (0.8ms)[0m  SELECT "locations".* FROM "locations" WHERE ("locations"."id" = 3) LIMIT 1
Rendered locations/show.html.erb within layouts/application (51.5ms)
Completed 200 OK in 227ms (Views: 75.2ms | ActiveRecord: 0.8ms)


Started GET "/locations" for 127.0.0.1 at Tue Feb 15 11:06:07 -0500 2011
  Processing by LocationsController#index as HTML
  [1m[36mLocation Load (2.4ms)[0m  [1mSELECT "locations".* FROM "locations"[0m
  [1m[35mUser Load (4.5ms)[0m  SELECT "users".* FROM "users" WHERE ("users"."id" = 1) LIMIT 1
  [1m[36mWork Load (0.8ms)[0m  [1mSELECT "works".* FROM "works" WHERE ("works".location_id = 1)[0m
  [1m[35mCACHE (0.0ms)[0m  SELECT "users".* FROM "users" WHERE ("users"."id" = 1) LIMIT 1
  [1m[36mWork Load (0.5ms)[0m  [1mSELECT "works".* FROM "works" WHERE ("works".location_id = 3)[0m
Rendered locations/index.html.erb within layouts/application (211.9ms)
Completed 200 OK in 249ms (Views: 219.6ms | ActiveRecord: 8.2ms)


Started GET "/locations" for 127.0.0.1 at Tue Feb 15 11:06:11 -0500 2011
  Processing by LocationsController#index as HTML
  [1m[35mLocation Load (2.2ms)[0m  SELECT "locations".* FROM "locations"
  [1m[36mUser Load (0.8ms)[0m  [1mSELECT "users".* FROM "users" WHERE ("users"."id" = 1) LIMIT 1[0m
  [1m[35mWork Load (0.8ms)[0m  SELECT "works".* FROM "works" WHERE ("works".location_id = 1)
  [1m[36mCACHE (0.0ms)[0m  [1mSELECT "users".* FROM "users" WHERE ("users"."id" = 1) LIMIT 1[0m
  [1m[35mWork Load (0.5ms)[0m  SELECT "works".* FROM "works" WHERE ("works".location_id = 3)
Rendered locations/index.html.erb within layouts/application (328.0ms)
Completed 200 OK in 377ms (Views: 342.3ms | ActiveRecord: 4.3ms)


Started GET "/locations/2" for 127.0.0.1 at Tue Feb 15 11:06:15 -0500 2011
  Processing by LocationsController#show as HTML
  Parameters: {"id"=>"2"}
  [1m[36mLocation Load (0.6ms)[0m  [1mSELECT "locations".* FROM "locations" WHERE ("locations"."id" = 2) LIMIT 1[0m
Rendered locations/show.html.erb within layouts/application (27.7ms)
Completed 200 OK in 71ms (Views: 40.7ms | ActiveRecord: 0.6ms)


Started GET "/locations/3" for 127.0.0.1 at Tue Feb 15 11:06:19 -0500 2011
  Processing by LocationsController#show as HTML
  Parameters: {"id"=>"3"}
  [1m[35mLocation Load (0.6ms)[0m  SELECT "locations".* FROM "locations" WHERE ("locations"."id" = 3) LIMIT 1
Rendered locations/show.html.erb within layouts/application (25.9ms)
Completed 200 OK in 64ms (Views: 38.7ms | ActiveRecord: 0.6ms)


Started GET "/locations" for 127.0.0.1 at Tue Feb 15 11:06:28 -0500 2011
  Processing by LocationsController#index as HTML
  [1m[36mLocation Load (1.6ms)[0m  [1mSELECT "locations".* FROM "locations"[0m
  [1m[35mUser Load (0.5ms)[0m  SELECT "users".* FROM "users" WHERE ("users"."id" = 1) LIMIT 1
  [1m[36mWork Load (0.8ms)[0m  [1mSELECT "works".* FROM "works" WHERE ("works".location_id = 1)[0m
  [1m[35mCACHE (0.0ms)[0m  SELECT "users".* FROM "users" WHERE ("users"."id" = 1) LIMIT 1
  [1m[36mWork Load (0.6ms)[0m  [1mSELECT "works".* FROM "works" WHERE ("works".location_id = 3)[0m
Rendered locations/index.html.erb within layouts/application (285.0ms)
Completed 200 OK in 321ms (Views: 295.5ms | ActiveRecord: 3.6ms)


Started GET "/locations" for 127.0.0.1 at Tue Feb 15 11:07:45 -0500 2011
  Processing by LocationsController#index as HTML
  [1m[35mLocation Load (1.7ms)[0m  SELECT "locations".* FROM "locations"
  [1m[36mUser Load (0.5ms)[0m  [1mSELECT "users".* FROM "users" WHERE ("users"."id" = 1) LIMIT 1[0m
  [1m[35mWork Load (0.8ms)[0m  SELECT "works".* FROM "works" WHERE ("works".location_id = 1)
  [1m[36mCACHE (0.0ms)[0m  [1mSELECT "users".* FROM "users" WHERE ("users"."id" = 1) LIMIT 1[0m
  [1m[35mWork Load (0.5ms)[0m  SELECT "works".* FROM "works" WHERE ("works".location_id = 3)
Rendered locations/index.html.erb within layouts/application (176.3ms)
Completed 200 OK in 217ms (Views: 186.1ms | ActiveRecord: 3.6ms)


Started GET "/locations" for 127.0.0.1 at Tue Feb 15 11:07:51 -0500 2011
  Processing by LocationsController#index as HTML
  [1m[36mLocation Load (1.5ms)[0m  [1mSELECT "locations".* FROM "locations"[0m
  [1m[35mUser Load (0.7ms)[0m  SELECT "users".* FROM "users" WHERE ("users"."id" = 1) LIMIT 1
  [1m[36mWork Load (0.8ms)[0m  [1mSELECT "works".* FROM "works" WHERE ("works".location_id = 1)[0m
  [1m[35mCACHE (0.0ms)[0m  SELECT "users".* FROM "users" WHERE ("users"."id" = 1) LIMIT 1
  [1m[36mWork Load (0.5ms)[0m  [1mSELECT "works".* FROM "works" WHERE ("works".location_id = 3)[0m
Rendered locations/index.html.erb within layouts/application (304.3ms)
Completed 200 OK in 345ms (Views: 313.8ms | ActiveRecord: 3.6ms)


Started GET "/locations" for 127.0.0.1 at Tue Feb 15 11:07:53 -0500 2011
  Processing by LocationsController#index as HTML
  [1m[35mLocation Load (2.2ms)[0m  SELECT "locations".* FROM "locations"
  [1m[36mUser Load (0.7ms)[0m  [1mSELECT "users".* FROM "users" WHERE ("users"."id" = 1) LIMIT 1[0m
  [1m[35mWork Load (1.1ms)[0m  SELECT "works".* FROM "works" WHERE ("works".location_id = 1)
  [1m[36mCACHE (0.0ms)[0m  [1mSELECT "users".* FROM "users" WHERE ("users"."id" = 1) LIMIT 1[0m
  [1m[35mWork Load (0.7ms)[0m  SELECT "works".* FROM "works" WHERE ("works".location_id = 3)
Rendered locations/index.html.erb within layouts/application (293.1ms)
Completed 200 OK in 355ms (Views: 311.8ms | ActiveRecord: 4.7ms)
  [1m[36mSQL (0.9ms)[0m  [1m SELECT name
 FROM sqlite_master
 WHERE type = 'table' AND NOT name = 'sqlite_sequence'
[0m
  [1m[35mSQL (0.6ms)[0m  select sqlite_version(*)
  [1m[36mSQL (272.2ms)[0m  [1mCREATE TABLE "schema_migrations" ("version" varchar(255) NOT NULL) [0m
  [1m[35mSQL (0.2ms)[0m  PRAGMA index_list("schema_migrations")
  [1m[36mSQL (144.2ms)[0m  [1mCREATE UNIQUE INDEX "unique_schema_migrations" ON "schema_migrations" ("version")[0m
  [1m[35mSQL (0.6ms)[0m   SELECT name
 FROM sqlite_master
 WHERE type = 'table' AND NOT name = 'sqlite_sequence'
  [1m[36mSQL (0.6ms)[0m  [1m SELECT name
 FROM sqlite_master
 WHERE type = 'table' AND NOT name = 'sqlite_sequence'
[0m
  [1m[35mSQL (0.4ms)[0m  SELECT "schema_migrations"."version" FROM "schema_migrations"
Migrating to CreateArtists (20110213210201)
  [1m[36mSQL (2.0ms)[0m  [1mCREATE TABLE "artists" ("id" INTEGER PRIMARY KEY AUTOINCREMENT NOT NULL, "website_url" varchar(255), "name" varchar(255), "created_at" datetime, "updated_at" datetime) [0m
  [1m[35mSQL (15.3ms)[0m  INSERT INTO "schema_migrations" ("version") VALUES ('20110213210201')
Migrating to CreateUsers (20110213210309)
  [1m[36mSQL (0.9ms)[0m  [1mCREATE TABLE "users" ("id" INTEGER PRIMARY KEY AUTOINCREMENT NOT NULL, "type" varchar(255), "username" varchar(255), "created_at" datetime, "updated_at" datetime) [0m
  [1m[35mSQL (0.6ms)[0m  INSERT INTO "schema_migrations" ("version") VALUES ('20110213210309')
Migrating to CreateComments (20110213210401)
  [1m[36mSQL (2.0ms)[0m  [1mCREATE TABLE "comments" ("id" INTEGER PRIMARY KEY AUTOINCREMENT NOT NULL, "body" text, "user_id" varchar(255), "created_at" datetime, "updated_at" datetime) [0m
  [1m[35mSQL (0.6ms)[0m  INSERT INTO "schema_migrations" ("version") VALUES ('20110213210401')
Migrating to CreateLocations (20110213210535)
  [1m[36mSQL (1.9ms)[0m  [1mCREATE TABLE "locations" ("id" INTEGER PRIMARY KEY AUTOINCREMENT NOT NULL, "x_coord" float, "y_coord" float, "title" varchar(255), "user_id" integer, "is_active" boolean, "created_at" datetime, "updated_at" datetime) [0m
  [1m[35mSQL (0.8ms)[0m  INSERT INTO "schema_migrations" ("version") VALUES ('20110213210535')
Migrating to CreateWorks (20110213210652)
  [1m[36mSQL (1.6ms)[0m  [1mCREATE TABLE "works" ("id" INTEGER PRIMARY KEY AUTOINCREMENT NOT NULL, "title" varchar(255), "description" text, "sketch" varchar(255), "artist_id" integer, "is_real" boolean, "location_id" integer, "created_at" datetime, "updated_at" datetime) [0m
  [1m[35mSQL (0.5ms)[0m  INSERT INTO "schema_migrations" ("version") VALUES ('20110213210652')
  [1m[36mSQL (1.4ms)[0m  [1m SELECT name
 FROM sqlite_master
 WHERE type = 'table' AND NOT name = 'sqlite_sequence'
[0m
  [1m[35mSQL (0.6ms)[0m  SELECT "schema_migrations"."version" FROM "schema_migrations"
  [1m[36mSQL (0.7ms)[0m  [1m SELECT name
 FROM sqlite_master
 WHERE type = 'table' AND NOT name = 'sqlite_sequence'
[0m
  [1m[35mSQL (0.1ms)[0m  PRAGMA index_list("artists")
  [1m[36mSQL (0.2ms)[0m  [1mPRAGMA index_list("comments")[0m
  [1m[35mSQL (0.2ms)[0m  PRAGMA index_list("locations")
  [1m[36mSQL (0.1ms)[0m  [1mPRAGMA index_list("users")[0m
  [1m[35mSQL (0.3ms)[0m  PRAGMA index_list("works")
  [1m[36mSQL (2.6ms)[0m  [1m SELECT name
 FROM sqlite_master
 WHERE type = 'table' AND NOT name = 'sqlite_sequence'
[0m
  [1m[35mSQL (1.1ms)[0m   SELECT name
 FROM sqlite_master
 WHERE type = 'table' AND NOT name = 'sqlite_sequence'
  [1m[36mSQL (0.9ms)[0m  [1mSELECT "schema_migrations"."version" FROM "schema_migrations"[0m
  [1m[35mAREL (0.5ms)[0m  DELETE FROM "artists" WHERE 1=1
  [1m[36mAREL (0.5ms)[0m  [1mDELETE FROM "users" WHERE 1=1[0m
  [1m[35mAREL (0.5ms)[0m  DELETE FROM "comments" WHERE 1=1
  [1m[36mAREL (0.4ms)[0m  [1mDELETE FROM "works" WHERE 1=1[0m
  [1m[35mAREL (0.5ms)[0m  DELETE FROM "locations" WHERE 1=1
  [1m[36mAREL (2.1ms)[0m  [1mINSERT INTO "artists" ("created_at", "updated_at", "website_url", "name") VALUES ('2011-02-15 16:09:42.240434', '2011-02-15 16:09:42.240434', 'http://www.picasso.com', 'Pablo Picasso')[0m
  [1m[35mAREL (0.8ms)[0m  INSERT INTO "artists" ("created_at", "updated_at", "website_url", "name") VALUES ('2011-02-15 16:09:42.434967', '2011-02-15 16:09:42.434967', 'http://www.davinci.com', 'Leonardo DaVinci')
WARNING: Can't mass-assign protected attributes: type
  [1m[36mAREL (1.1ms)[0m  [1mINSERT INTO "users" ("username", "created_at", "type", "updated_at") VALUES ('Taylor Waylor', '2011-02-15 16:09:42.579440', NULL, '2011-02-15 16:09:42.579440')[0m
WARNING: Can't mass-assign protected attributes: type
  [1m[35mAREL (0.8ms)[0m  INSERT INTO "users" ("username", "created_at", "type", "updated_at") VALUES ('Tommy Menino', '2011-02-15 16:09:42.769018', NULL, '2011-02-15 16:09:42.769018')
  [1m[36mUser Load (1.0ms)[0m  [1mSELECT "users".* FROM "users" WHERE ("users"."username" = 'Taylor Waylor') LIMIT 1[0m


Started GET "/locations/new" for 127.0.0.1 at Tue Feb 15 11:12:26 -0500 2011
  Processing by LocationsController#new as HTML
Rendered locations/_form.html.erb (27.6ms)
Rendered locations/new.html.erb within layouts/application (33.0ms)
Completed   in 94ms

ActionView::Template::Error (undefined method `lat' for #<Location:0xb6624a38>):
    13: 
    14:   <div class="field">
    15:     <%= f.label "Latitude" %><br />
    16:     <%= f.text_field :lat %>
    17:   </div>
    18:   <div class="field">
    19:     <%= f.label "Longitude" %><br />
  app/views/locations/_form.html.erb:16:in `_app_views_locations__form_html_erb__162820782__617573138_498656'
  app/views/locations/_form.html.erb:1:in `_app_views_locations__form_html_erb__162820782__617573138_498656'
  app/views/locations/new.html.erb:3:in `_app_views_locations_new_html_erb__952154420__617566338_0'
  app/controllers/locations_controller.rb:29:in `new'

Rendered /usr/lib/ruby/gems/1.8/gems/actionpack-3.0.3/lib/action_dispatch/middleware/templates/rescues/_trace.erb (4.7ms)
Rendered /usr/lib/ruby/gems/1.8/gems/actionpack-3.0.3/lib/action_dispatch/middleware/templates/rescues/_request_and_response.erb (23.7ms)
Rendered /usr/lib/ruby/gems/1.8/gems/actionpack-3.0.3/lib/action_dispatch/middleware/templates/rescues/template_error.erb within rescues/layout (40.7ms)


Started GET "/locations/new" for 127.0.0.1 at Tue Feb 15 11:12:39 -0500 2011
  Processing by LocationsController#new as HTML
Rendered locations/_form.html.erb (35.3ms)
Rendered locations/new.html.erb within layouts/application (49.4ms)
Completed 200 OK in 112ms (Views: 64.0ms | ActiveRecord: 0.0ms)
  [1m[36mSQL (1.3ms)[0m  [1m SELECT name
 FROM sqlite_master
 WHERE type = 'table' AND NOT name = 'sqlite_sequence'
[0m
  [1m[35mSQL (1.0ms)[0m  select sqlite_version(*)
  [1m[36mSQL (258.0ms)[0m  [1mCREATE TABLE "schema_migrations" ("version" varchar(255) NOT NULL) [0m
  [1m[35mSQL (0.3ms)[0m  PRAGMA index_list("schema_migrations")
  [1m[36mSQL (129.5ms)[0m  [1mCREATE UNIQUE INDEX "unique_schema_migrations" ON "schema_migrations" ("version")[0m
  [1m[35mSQL (0.6ms)[0m   SELECT name
 FROM sqlite_master
 WHERE type = 'table' AND NOT name = 'sqlite_sequence'
  [1m[36mSQL (0.7ms)[0m  [1m SELECT name
 FROM sqlite_master
 WHERE type = 'table' AND NOT name = 'sqlite_sequence'
[0m
  [1m[35mSQL (0.4ms)[0m  SELECT "schema_migrations"."version" FROM "schema_migrations"
Migrating to CreateArtists (20110213210201)
  [1m[36mSQL (2.0ms)[0m  [1mCREATE TABLE "artists" ("id" INTEGER PRIMARY KEY AUTOINCREMENT NOT NULL, "website_url" varchar(255), "name" varchar(255), "created_at" datetime, "updated_at" datetime) [0m
  [1m[35mSQL (0.5ms)[0m  INSERT INTO "schema_migrations" ("version") VALUES ('20110213210201')
Migrating to CreateUsers (20110213210309)
  [1m[36mSQL (1.0ms)[0m  [1mCREATE TABLE "users" ("id" INTEGER PRIMARY KEY AUTOINCREMENT NOT NULL, "type" varchar(255), "username" varchar(255), "created_at" datetime, "updated_at" datetime) [0m
  [1m[35mSQL (0.4ms)[0m  INSERT INTO "schema_migrations" ("version") VALUES ('20110213210309')
Migrating to CreateComments (20110213210401)
  [1m[36mSQL (0.9ms)[0m  [1mCREATE TABLE "comments" ("id" INTEGER PRIMARY KEY AUTOINCREMENT NOT NULL, "body" text, "user_id" varchar(255), "created_at" datetime, "updated_at" datetime) [0m
  [1m[35mSQL (0.4ms)[0m  INSERT INTO "schema_migrations" ("version") VALUES ('20110213210401')
Migrating to CreateLocations (20110213210535)
  [1m[36mSQL (1.1ms)[0m  [1mCREATE TABLE "locations" ("id" INTEGER PRIMARY KEY AUTOINCREMENT NOT NULL, "lat" float, "lng" float, "title" varchar(255), "user_id" integer, "is_active" boolean, "created_at" datetime, "updated_at" datetime) [0m
  [1m[35mSQL (0.4ms)[0m  INSERT INTO "schema_migrations" ("version") VALUES ('20110213210535')
Migrating to CreateWorks (20110213210652)
  [1m[36mSQL (2.8ms)[0m  [1mCREATE TABLE "works" ("id" INTEGER PRIMARY KEY AUTOINCREMENT NOT NULL, "title" varchar(255), "description" text, "sketch" varchar(255), "artist_id" integer, "is_real" boolean, "location_id" integer, "created_at" datetime, "updated_at" datetime) [0m
  [1m[35mSQL (0.4ms)[0m  INSERT INTO "schema_migrations" ("version") VALUES ('20110213210652')
  [1m[36mSQL (0.9ms)[0m  [1m SELECT name
 FROM sqlite_master
 WHERE type = 'table' AND NOT name = 'sqlite_sequence'
[0m
  [1m[35mSQL (0.6ms)[0m  SELECT "schema_migrations"."version" FROM "schema_migrations"
  [1m[36mSQL (0.7ms)[0m  [1m SELECT name
 FROM sqlite_master
 WHERE type = 'table' AND NOT name = 'sqlite_sequence'
[0m
  [1m[35mSQL (0.2ms)[0m  PRAGMA index_list("artists")
  [1m[36mSQL (0.2ms)[0m  [1mPRAGMA index_list("comments")[0m
  [1m[35mSQL (0.2ms)[0m  PRAGMA index_list("locations")
  [1m[36mSQL (0.2ms)[0m  [1mPRAGMA index_list("users")[0m
  [1m[35mSQL (0.3ms)[0m  PRAGMA index_list("works")
  [1m[36mSQL (1.7ms)[0m  [1m SELECT name
 FROM sqlite_master
 WHERE type = 'table' AND NOT name = 'sqlite_sequence'
[0m
  [1m[35mSQL (1.0ms)[0m   SELECT name
 FROM sqlite_master
 WHERE type = 'table' AND NOT name = 'sqlite_sequence'
  [1m[36mSQL (1.0ms)[0m  [1mSELECT "schema_migrations"."version" FROM "schema_migrations"[0m
  [1m[35mAREL (0.4ms)[0m  DELETE FROM "artists" WHERE 1=1
  [1m[36mAREL (0.4ms)[0m  [1mDELETE FROM "users" WHERE 1=1[0m
  [1m[35mAREL (0.3ms)[0m  DELETE FROM "comments" WHERE 1=1
  [1m[36mAREL (0.3ms)[0m  [1mDELETE FROM "works" WHERE 1=1[0m
  [1m[35mAREL (0.3ms)[0m  DELETE FROM "locations" WHERE 1=1
  [1m[36mAREL (1.0ms)[0m  [1mINSERT INTO "artists" ("website_url", "name", "updated_at", "created_at") VALUES ('http://www.picasso.com', 'Pablo Picasso', '2011-02-15 16:15:20.867054', '2011-02-15 16:15:20.867054')[0m
  [1m[35mAREL (1.1ms)[0m  INSERT INTO "artists" ("website_url", "name", "updated_at", "created_at") VALUES ('http://www.davinci.com', 'Leonardo DaVinci', '2011-02-15 16:15:21.085529', '2011-02-15 16:15:21.085529')
WARNING: Can't mass-assign protected attributes: type
  [1m[36mAREL (1.0ms)[0m  [1mINSERT INTO "users" ("username", "updated_at", "type", "created_at") VALUES ('Taylor Waylor', '2011-02-15 16:15:21.222407', NULL, '2011-02-15 16:15:21.222407')[0m
WARNING: Can't mass-assign protected attributes: type
  [1m[35mAREL (3.4ms)[0m  INSERT INTO "users" ("username", "updated_at", "type", "created_at") VALUES ('Tommy Menino', '2011-02-15 16:15:21.338091', NULL, '2011-02-15 16:15:21.338091')
  [1m[36mUser Load (1.0ms)[0m  [1mSELECT "users".* FROM "users" WHERE ("users"."username" = 'Taylor Waylor') LIMIT 1[0m
  [1m[36mSQL (1.0ms)[0m  [1m SELECT name
 FROM sqlite_master
 WHERE type = 'table' AND NOT name = 'sqlite_sequence'
[0m
  [1m[35mSQL (0.5ms)[0m  select sqlite_version(*)
  [1m[36mSQL (256.7ms)[0m  [1mCREATE TABLE "schema_migrations" ("version" varchar(255) NOT NULL) [0m
  [1m[35mSQL (0.3ms)[0m  PRAGMA index_list("schema_migrations")
  [1m[36mSQL (149.9ms)[0m  [1mCREATE UNIQUE INDEX "unique_schema_migrations" ON "schema_migrations" ("version")[0m
  [1m[35mSQL (0.6ms)[0m   SELECT name
 FROM sqlite_master
 WHERE type = 'table' AND NOT name = 'sqlite_sequence'
  [1m[36mSQL (1.4ms)[0m  [1m SELECT name
 FROM sqlite_master
 WHERE type = 'table' AND NOT name = 'sqlite_sequence'
[0m
  [1m[35mSQL (0.4ms)[0m  SELECT "schema_migrations"."version" FROM "schema_migrations"
Migrating to CreateArtists (20110213210201)
  [1m[36mSQL (1.9ms)[0m  [1mCREATE TABLE "artists" ("id" INTEGER PRIMARY KEY AUTOINCREMENT NOT NULL, "website_url" varchar(255), "name" varchar(255), "created_at" datetime, "updated_at" datetime) [0m
  [1m[35mSQL (0.5ms)[0m  INSERT INTO "schema_migrations" ("version") VALUES ('20110213210201')
Migrating to CreateUsers (20110213210309)
  [1m[36mSQL (2.2ms)[0m  [1mCREATE TABLE "users" ("id" INTEGER PRIMARY KEY AUTOINCREMENT NOT NULL, "type" varchar(255), "username" varchar(255), "created_at" datetime, "updated_at" datetime) [0m
  [1m[35mSQL (0.5ms)[0m  INSERT INTO "schema_migrations" ("version") VALUES ('20110213210309')
Migrating to CreateComments (20110213210401)
  [1m[36mSQL (1.4ms)[0m  [1mCREATE TABLE "comments" ("id" INTEGER PRIMARY KEY AUTOINCREMENT NOT NULL, "body" text, "user_id" varchar(255), "created_at" datetime, "updated_at" datetime) [0m
  [1m[35mSQL (0.5ms)[0m  INSERT INTO "schema_migrations" ("version") VALUES ('20110213210401')
Migrating to CreateLocations (20110213210535)
  [1m[36mSQL (1.8ms)[0m  [1mCREATE TABLE "locations" ("id" INTEGER PRIMARY KEY AUTOINCREMENT NOT NULL, "lat" float, "lng" float, "title" varchar(255), "user_id" integer, "is_active" boolean, "created_at" datetime, "updated_at" datetime) [0m
  [1m[35mSQL (0.6ms)[0m  INSERT INTO "schema_migrations" ("version") VALUES ('20110213210535')
Migrating to CreateWorks (20110213210652)
  [1m[36mSQL (3.0ms)[0m  [1mCREATE TABLE "works" ("id" INTEGER PRIMARY KEY AUTOINCREMENT NOT NULL, "title" varchar(255), "description" text, "sketch" varchar(255), "artist_id" integer, "is_real" boolean, "location_id" integer, "created_at" datetime, "updated_at" datetime) [0m
  [1m[35mSQL (0.6ms)[0m  INSERT INTO "schema_migrations" ("version") VALUES ('20110213210652')
  [1m[36mSQL (1.0ms)[0m  [1m SELECT name
 FROM sqlite_master
 WHERE type = 'table' AND NOT name = 'sqlite_sequence'
[0m
  [1m[35mSQL (0.8ms)[0m  SELECT "schema_migrations"."version" FROM "schema_migrations"
  [1m[36mSQL (0.9ms)[0m  [1m SELECT name
 FROM sqlite_master
 WHERE type = 'table' AND NOT name = 'sqlite_sequence'
[0m
  [1m[35mSQL (0.2ms)[0m  PRAGMA index_list("artists")
  [1m[36mSQL (0.2ms)[0m  [1mPRAGMA index_list("comments")[0m
  [1m[35mSQL (0.2ms)[0m  PRAGMA index_list("locations")
  [1m[36mSQL (0.2ms)[0m  [1mPRAGMA index_list("users")[0m
  [1m[35mSQL (0.2ms)[0m  PRAGMA index_list("works")
  [1m[36mSQL (2.6ms)[0m  [1m SELECT name
 FROM sqlite_master
 WHERE type = 'table' AND NOT name = 'sqlite_sequence'
[0m
  [1m[35mSQL (17.2ms)[0m   SELECT name
 FROM sqlite_master
 WHERE type = 'table' AND NOT name = 'sqlite_sequence'
  [1m[36mSQL (0.9ms)[0m  [1mSELECT "schema_migrations"."version" FROM "schema_migrations"[0m
  [1m[35mAREL (0.5ms)[0m  DELETE FROM "artists" WHERE 1=1
  [1m[36mAREL (0.4ms)[0m  [1mDELETE FROM "users" WHERE 1=1[0m
  [1m[35mAREL (1.1ms)[0m  DELETE FROM "comments" WHERE 1=1
  [1m[36mAREL (0.4ms)[0m  [1mDELETE FROM "works" WHERE 1=1[0m
  [1m[35mAREL (0.4ms)[0m  DELETE FROM "locations" WHERE 1=1
  [1m[36mAREL (1.4ms)[0m  [1mINSERT INTO "artists" ("created_at", "updated_at", "website_url", "name") VALUES ('2011-02-15 16:16:08.493766', '2011-02-15 16:16:08.493766', 'http://www.picasso.com', 'Pablo Picasso')[0m
  [1m[35mAREL (0.9ms)[0m  INSERT INTO "artists" ("created_at", "updated_at", "website_url", "name") VALUES ('2011-02-15 16:16:08.663250', '2011-02-15 16:16:08.663250', 'http://www.davinci.com', 'Leonardo DaVinci')
WARNING: Can't mass-assign protected attributes: type
  [1m[36mAREL (1.1ms)[0m  [1mINSERT INTO "users" ("username", "type", "updated_at", "created_at") VALUES ('Taylor Waylor', NULL, '2011-02-15 16:16:08.787048', '2011-02-15 16:16:08.787048')[0m
WARNING: Can't mass-assign protected attributes: type
  [1m[35mAREL (0.8ms)[0m  INSERT INTO "users" ("username", "type", "updated_at", "created_at") VALUES ('Tommy Menino', NULL, '2011-02-15 16:16:08.900211', '2011-02-15 16:16:08.900211')
  [1m[36mUser Load (0.6ms)[0m  [1mSELECT "users".* FROM "users" WHERE ("users"."username" = 'Taylor Waylor') LIMIT 1[0m
  [1m[35mAREL (1.1ms)[0m  INSERT INTO "locations" ("created_at", "lng", "lat", "user_id", "updated_at", "is_active", "title") VALUES ('2011-02-15 16:16:09.032220', -71.067679, 42.356496, 1, '2011-02-15 16:16:09.032220', 't', 'Active.')
  [1m[36mUser Load (1.3ms)[0m  [1mSELECT "users".* FROM "users" WHERE ("users"."username" = 'Taylor Waylor') LIMIT 1[0m
  [1m[35mAREL (1.2ms)[0m  INSERT INTO "locations" ("created_at", "lng", "lat", "user_id", "updated_at", "is_active", "title") VALUES ('2011-02-15 16:16:09.172925', -71.067779, 42.357496, 1, '2011-02-15 16:16:09.172925', 'f', 'Inactive.')
  [1m[36mArtist Load (0.8ms)[0m  [1mSELECT "artists".* FROM "artists" WHERE ("artists"."name" = 'Pablo Picasso') LIMIT 1[0m
  [1m[35mSQL (0.9ms)[0m   SELECT name
 FROM sqlite_master
 WHERE type = 'table' AND NOT name = 'sqlite_sequence'
  [1m[36mSQL (1.8ms)[0m  [1m SELECT name
 FROM sqlite_master
 WHERE type = 'table' AND NOT name = 'sqlite_sequence'
[0m
  [1m[35mSQL (6.0ms)[0m   SELECT name
 FROM sqlite_master
 WHERE type = 'table' AND NOT name = 'sqlite_sequence'
  [1m[36mSQL (0.7ms)[0m  [1mSELECT "schema_migrations"."version" FROM "schema_migrations"[0m
  [1m[35mAREL (279.6ms)[0m  DELETE FROM "artists" WHERE 1=1
  [1m[36mAREL (315.8ms)[0m  [1mDELETE FROM "users" WHERE 1=1[0m
  [1m[35mAREL (0.5ms)[0m  DELETE FROM "comments" WHERE 1=1
  [1m[36mAREL (0.4ms)[0m  [1mDELETE FROM "works" WHERE 1=1[0m
  [1m[35mAREL (178.1ms)[0m  DELETE FROM "locations" WHERE 1=1
  [1m[36mAREL (1.2ms)[0m  [1mINSERT INTO "artists" ("updated_at", "website_url", "name", "created_at") VALUES ('2011-02-15 16:16:40.438690', 'http://www.picasso.com', 'Pablo Picasso', '2011-02-15 16:16:40.438690')[0m
  [1m[35mAREL (0.7ms)[0m  INSERT INTO "artists" ("updated_at", "website_url", "name", "created_at") VALUES ('2011-02-15 16:16:40.721125', 'http://www.davinci.com', 'Leonardo DaVinci', '2011-02-15 16:16:40.721125')
WARNING: Can't mass-assign protected attributes: type
  [1m[36mAREL (0.8ms)[0m  [1mINSERT INTO "users" ("created_at", "username", "updated_at", "type") VALUES ('2011-02-15 16:16:41.055800', 'Taylor Waylor', '2011-02-15 16:16:41.055800', NULL)[0m
WARNING: Can't mass-assign protected attributes: type
  [1m[35mAREL (0.7ms)[0m  INSERT INTO "users" ("created_at", "username", "updated_at", "type") VALUES ('2011-02-15 16:16:41.254497', 'Tommy Menino', '2011-02-15 16:16:41.254497', NULL)
  [1m[36mUser Load (1.6ms)[0m  [1mSELECT "users".* FROM "users" WHERE ("users"."username" = 'Taylor Waylor') LIMIT 1[0m
  [1m[35mAREL (1.1ms)[0m  INSERT INTO "locations" ("updated_at", "created_at", "lat", "lng", "is_active", "user_id", "title") VALUES ('2011-02-15 16:16:41.457098', '2011-02-15 16:16:41.457098', 42.356496, -71.067679, 't', 3, 'Active.')
  [1m[36mUser Load (1.1ms)[0m  [1mSELECT "users".* FROM "users" WHERE ("users"."username" = 'Taylor Waylor') LIMIT 1[0m
  [1m[35mAREL (1.1ms)[0m  INSERT INTO "locations" ("updated_at", "created_at", "lat", "lng", "is_active", "user_id", "title") VALUES ('2011-02-15 16:16:41.624181', '2011-02-15 16:16:41.624181', 42.357496, -71.067779, 'f', 3, 'Inactive.')
  [1m[36mArtist Load (0.8ms)[0m  [1mSELECT "artists".* FROM "artists" WHERE ("artists"."name" = 'Pablo Picasso') LIMIT 1[0m
  [1m[35mLocation Load (1.1ms)[0m  SELECT "locations".* FROM "locations" WHERE ("locations"."title" = 'Active.') LIMIT 1
  [1m[36mAREL (1.1ms)[0m  [1mINSERT INTO "works" ("updated_at", "description", "location_id", "sketch", "artist_id", "created_at", "is_real", "title") VALUES ('2011-02-15 16:16:41.789071', 'It''s the devil, getit?', 3, 'http://i.imgur.com/tTn2Z.jpg', 3, '2011-02-15 16:16:41.789071', 'f', 'El Diablo')[0m


Started GET "/" for 127.0.0.1 at Tue Feb 15 11:16:54 -0500 2011
  Processing by LocationsController#index as HTML
  [1m[36mLocation Load (2.2ms)[0m  [1mSELECT "locations".* FROM "locations"[0m
  [1m[35mUser Load (0.6ms)[0m  SELECT "users".* FROM "users" WHERE ("users"."id" = 3) LIMIT 1
  [1m[36mWork Load (0.7ms)[0m  [1mSELECT "works".* FROM "works" WHERE ("works".location_id = 3)[0m
Rendered locations/index.html.erb within layouts/application (137.2ms)
Completed   in 172ms

ActionView::Template::Error (undefined method `x_coord' for #<Location:0xb670806c>):
    58: 
    59: <% @locations.each do |location| %>
    60:   <tr>
    61:     <td><%= location.x_coord %></td>
    62:     <td><%= location.y_coord %></td>
    63:     <td><%= location.description %></td>
    64:     <td><%= location.user_id %></td>
  app/views/locations/index.html.erb:61:in `_app_views_locations_index_html_erb__1030729018__617079148_0'
  app/views/locations/index.html.erb:59:in `each'
  app/views/locations/index.html.erb:59:in `_app_views_locations_index_html_erb__1030729018__617079148_0'
  app/controllers/locations_controller.rb:7:in `index'

Rendered /usr/lib/ruby/gems/1.8/gems/actionpack-3.0.3/lib/action_dispatch/middleware/templates/rescues/_trace.erb (4.6ms)
Rendered /usr/lib/ruby/gems/1.8/gems/actionpack-3.0.3/lib/action_dispatch/middleware/templates/rescues/_request_and_response.erb (122.4ms)
Rendered /usr/lib/ruby/gems/1.8/gems/actionpack-3.0.3/lib/action_dispatch/middleware/templates/rescues/template_error.erb within rescues/layout (142.8ms)


Started GET "/" for 127.0.0.1 at Tue Feb 15 11:17:25 -0500 2011
  Processing by LocationsController#index as HTML
  [1m[35mLocation Load (1.8ms)[0m  SELECT "locations".* FROM "locations"
  [1m[36mUser Load (0.6ms)[0m  [1mSELECT "users".* FROM "users" WHERE ("users"."id" = 3) LIMIT 1[0m
  [1m[35mWork Load (0.6ms)[0m  SELECT "works".* FROM "works" WHERE ("works".location_id = 3)
Rendered locations/index.html.erb within layouts/application (160.0ms)
Completed 200 OK in 204ms (Views: 171.9ms | ActiveRecord: 3.0ms)


Started GET "/" for 127.0.0.1 at Tue Feb 15 11:17:28 -0500 2011
  Processing by LocationsController#index as HTML
  [1m[36mLocation Load (2.0ms)[0m  [1mSELECT "locations".* FROM "locations"[0m
  [1m[35mUser Load (0.8ms)[0m  SELECT "users".* FROM "users" WHERE ("users"."id" = 3) LIMIT 1
  [1m[36mWork Load (0.9ms)[0m  [1mSELECT "works".* FROM "works" WHERE ("works".location_id = 3)[0m
Rendered locations/index.html.erb within layouts/application (397.0ms)
Completed 200 OK in 446ms (Views: 412.0ms | ActiveRecord: 3.7ms)


Started GET "/locations" for 127.0.0.1 at Tue Feb 15 11:17:30 -0500 2011
  Processing by LocationsController#index as HTML
  [1m[35mLocation Load (2.3ms)[0m  SELECT "locations".* FROM "locations"
  [1m[36mUser Load (0.8ms)[0m  [1mSELECT "users".* FROM "users" WHERE ("users"."id" = 3) LIMIT 1[0m
  [1m[35mWork Load (0.9ms)[0m  SELECT "works".* FROM "works" WHERE ("works".location_id = 3)
Rendered locations/index.html.erb within layouts/application (226.8ms)
Completed 200 OK in 296ms (Views: 246.5ms | ActiveRecord: 3.9ms)


Started GET "/locations" for 127.0.0.1 at Tue Feb 15 11:18:01 -0500 2011
  Processing by LocationsController#index as HTML
  [1m[36mLocation Load (2.1ms)[0m  [1mSELECT "locations".* FROM "locations"[0m
  [1m[35mUser Load (0.6ms)[0m  SELECT "users".* FROM "users" WHERE ("users"."id" = 3) LIMIT 1
  [1m[36mWork Load (0.7ms)[0m  [1mSELECT "works".* FROM "works" WHERE ("works".location_id = 3)[0m
Rendered locations/index.html.erb within layouts/application (264.9ms)
Completed 200 OK in 304ms (Views: 279.7ms | ActiveRecord: 3.4ms)


Started GET "/" for 127.0.0.1 at Tue Feb 15 11:18:02 -0500 2011
  Processing by LocationsController#index as HTML
  [1m[35mLocation Load (1.7ms)[0m  SELECT "locations".* FROM "locations"
  [1m[36mUser Load (0.5ms)[0m  [1mSELECT "users".* FROM "users" WHERE ("users"."id" = 3) LIMIT 1[0m
  [1m[35mWork Load (0.7ms)[0m  SELECT "works".* FROM "works" WHERE ("works".location_id = 3)
Rendered locations/index.html.erb within layouts/application (185.0ms)
Completed 200 OK in 225ms (Views: 200.6ms | ActiveRecord: 2.9ms)


Started GET "/locations/new" for 127.0.0.1 at Tue Feb 15 11:18:09 -0500 2011
  Processing by LocationsController#new as HTML
Rendered locations/_form.html.erb (34.1ms)
Rendered locations/new.html.erb within layouts/application (46.7ms)
Completed 200 OK in 92ms (Views: 63.7ms | ActiveRecord: 0.0ms)


Started POST "/locations" for 127.0.0.1 at Tue Feb 15 11:18:53 -0500 2011
  Processing by LocationsController#create as HTML
  Parameters: {"commit"=>"Create Location", "location"=>{"title"=>"New Active", "lng"=>"-71.057575", "user_id"=>"1", "is_active"=>"1", "lat"=>"42.356496"}, "authenticity_token"=>"KOV45RNfXE19y0fsYHV5QueSlYh1TSAMoruknIv6wpk=", "utf8"=>"✓"}
  [1m[36mAREL (1.0ms)[0m  [1mINSERT INTO "locations" ("lat", "title", "user_id", "lng", "updated_at", "created_at", "is_active") VALUES (42.356496, 'New Active', 1, -71.057575, '2011-02-15 16:18:53.390464', '2011-02-15 16:18:53.390464', 't')[0m
Redirected to http://localhost:3000/locations/5
Completed 302 Found in 406ms


Started GET "/locations/5" for 127.0.0.1 at Tue Feb 15 11:18:53 -0500 2011
  Processing by LocationsController#show as HTML
  Parameters: {"id"=>"5"}
  [1m[35mLocation Load (0.9ms)[0m  SELECT "locations".* FROM "locations" WHERE ("locations"."id" = 5) LIMIT 1
Rendered locations/show.html.erb within layouts/application (28.8ms)
Completed   in 84ms

ActionView::Template::Error (undefined method `description' for #<Location:0xb67ebdd0>):
    12: 
    13: <p>
    14:   <b>Description:</b>
    15:   <%= @location.description %>
    16: </p>
    17: 
    18: <p>
  app/views/locations/show.html.erb:15:in `_app_views_locations_show_html_erb___712931344__616611718_0'
  app/controllers/locations_controller.rb:18:in `show'

Rendered /usr/lib/ruby/gems/1.8/gems/actionpack-3.0.3/lib/action_dispatch/middleware/templates/rescues/_trace.erb (6.3ms)
Rendered /usr/lib/ruby/gems/1.8/gems/actionpack-3.0.3/lib/action_dispatch/middleware/templates/rescues/_request_and_response.erb (39.9ms)
Rendered /usr/lib/ruby/gems/1.8/gems/actionpack-3.0.3/lib/action_dispatch/middleware/templates/rescues/template_error.erb within rescues/layout (63.6ms)


Started GET "/locations/5" for 127.0.0.1 at Tue Feb 15 11:19:51 -0500 2011
  Processing by LocationsController#show as HTML
  Parameters: {"id"=>"5"}
  [1m[36mLocation Load (0.6ms)[0m  [1mSELECT "locations".* FROM "locations" WHERE ("locations"."id" = 5) LIMIT 1[0m
Rendered locations/show.html.erb within layouts/application (27.2ms)
Completed 200 OK in 67ms (Views: 38.8ms | ActiveRecord: 0.6ms)


Started GET "/locations" for 127.0.0.1 at Tue Feb 15 11:19:56 -0500 2011
  Processing by LocationsController#index as HTML
  [1m[35mLocation Load (2.4ms)[0m  SELECT "locations".* FROM "locations"
  [1m[36mUser Load (0.7ms)[0m  [1mSELECT "users".* FROM "users" WHERE ("users"."id" = 3) LIMIT 1[0m
  [1m[35mWork Load (1.0ms)[0m  SELECT "works".* FROM "works" WHERE ("works".location_id = 3)
  [1m[36mUser Load (0.5ms)[0m  [1mSELECT "users".* FROM "users" WHERE ("users"."id" = 1) LIMIT 1[0m
Rendered locations/index.html.erb within layouts/application (239.0ms)
Completed   in 281ms

ActionView::Template::Error (undefined method `username' for nil:NilClass):
    17: 			var title<%=i%> =  '<%= location.title %>';
    18: 			var content<%=i%> = '<h2><%= location.title %></h2>'+
    19: 				'<p> proposed by:'+
    20: 				'<%=User.find_by_id(location.user_id).username %></p>'+
    21: 				'<h3>Current Works:</h3> <ul>'+
    22: 				<% location.works.each do |work| %>
    23: 					'<li><%= link_to work.title, work %> </li>'+
  app/views/locations/index.html.erb:20:in `_app_views_locations_index_html_erb__1030729018__617764488_0'
  app/views/locations/index.html.erb:14:in `each'
  app/views/locations/index.html.erb:14:in `_app_views_locations_index_html_erb__1030729018__617764488_0'
  app/controllers/locations_controller.rb:7:in `index'

Rendered /usr/lib/ruby/gems/1.8/gems/actionpack-3.0.3/lib/action_dispatch/middleware/templates/rescues/_trace.erb (4.3ms)
Rendered /usr/lib/ruby/gems/1.8/gems/actionpack-3.0.3/lib/action_dispatch/middleware/templates/rescues/_request_and_response.erb (28.0ms)
Rendered /usr/lib/ruby/gems/1.8/gems/actionpack-3.0.3/lib/action_dispatch/middleware/templates/rescues/template_error.erb within rescues/layout (46.9ms)
  [1m[36mSQL (0.9ms)[0m  [1m SELECT name
 FROM sqlite_master
 WHERE type = 'table' AND NOT name = 'sqlite_sequence'
[0m
  [1m[35mSQL (0.5ms)[0m  select sqlite_version(*)
  [1m[36mSQL (279.8ms)[0m  [1mCREATE TABLE "schema_migrations" ("version" varchar(255) NOT NULL) [0m
  [1m[35mSQL (0.3ms)[0m  PRAGMA index_list("schema_migrations")
  [1m[36mSQL (105.6ms)[0m  [1mCREATE UNIQUE INDEX "unique_schema_migrations" ON "schema_migrations" ("version")[0m
  [1m[35mSQL (0.6ms)[0m   SELECT name
 FROM sqlite_master
 WHERE type = 'table' AND NOT name = 'sqlite_sequence'
  [1m[36mSQL (0.6ms)[0m  [1m SELECT name
 FROM sqlite_master
 WHERE type = 'table' AND NOT name = 'sqlite_sequence'
[0m
  [1m[35mSQL (0.4ms)[0m  SELECT "schema_migrations"."version" FROM "schema_migrations"
Migrating to CreateArtists (20110213210201)
  [1m[36mSQL (2.0ms)[0m  [1mCREATE TABLE "artists" ("id" INTEGER PRIMARY KEY AUTOINCREMENT NOT NULL, "website_url" varchar(255), "name" varchar(255), "created_at" datetime, "updated_at" datetime) [0m
  [1m[35mSQL (0.6ms)[0m  INSERT INTO "schema_migrations" ("version") VALUES ('20110213210201')
Migrating to CreateUsers (20110213210309)
  [1m[36mSQL (1.1ms)[0m  [1mCREATE TABLE "users" ("id" INTEGER PRIMARY KEY AUTOINCREMENT NOT NULL, "type" varchar(255), "username" varchar(255), "created_at" datetime, "updated_at" datetime) [0m
  [1m[35mSQL (0.4ms)[0m  INSERT INTO "schema_migrations" ("version") VALUES ('20110213210309')
Migrating to CreateComments (20110213210401)
  [1m[36mSQL (2.1ms)[0m  [1mCREATE TABLE "comments" ("id" INTEGER PRIMARY KEY AUTOINCREMENT NOT NULL, "body" text, "user_id" varchar(255), "created_at" datetime, "updated_at" datetime) [0m
  [1m[35mSQL (0.4ms)[0m  INSERT INTO "schema_migrations" ("version") VALUES ('20110213210401')
Migrating to CreateLocations (20110213210535)
  [1m[36mSQL (1.2ms)[0m  [1mCREATE TABLE "locations" ("id" INTEGER PRIMARY KEY AUTOINCREMENT NOT NULL, "lat" float, "lng" float, "title" varchar(255), "user_id" integer, "is_active" boolean, "created_at" datetime, "updated_at" datetime) [0m
  [1m[35mSQL (0.5ms)[0m  INSERT INTO "schema_migrations" ("version") VALUES ('20110213210535')
Migrating to CreateWorks (20110213210652)
  [1m[36mSQL (1.4ms)[0m  [1mCREATE TABLE "works" ("id" INTEGER PRIMARY KEY AUTOINCREMENT NOT NULL, "title" varchar(255), "description" text, "sketch" varchar(255), "artist_id" integer, "is_real" boolean, "location_id" integer, "created_at" datetime, "updated_at" datetime) [0m
  [1m[35mSQL (0.4ms)[0m  INSERT INTO "schema_migrations" ("version") VALUES ('20110213210652')
  [1m[36mSQL (0.7ms)[0m  [1m SELECT name
 FROM sqlite_master
 WHERE type = 'table' AND NOT name = 'sqlite_sequence'
[0m
  [1m[35mSQL (0.9ms)[0m  SELECT "schema_migrations"."version" FROM "schema_migrations"
  [1m[36mSQL (0.7ms)[0m  [1m SELECT name
 FROM sqlite_master
 WHERE type = 'table' AND NOT name = 'sqlite_sequence'
[0m
  [1m[35mSQL (0.2ms)[0m  PRAGMA index_list("artists")
  [1m[36mSQL (0.1ms)[0m  [1mPRAGMA index_list("comments")[0m
  [1m[35mSQL (0.3ms)[0m  PRAGMA index_list("locations")
  [1m[36mSQL (0.1ms)[0m  [1mPRAGMA index_list("users")[0m
  [1m[35mSQL (0.1ms)[0m  PRAGMA index_list("works")
  [1m[36mSQL (1.8ms)[0m  [1m SELECT name
 FROM sqlite_master
 WHERE type = 'table' AND NOT name = 'sqlite_sequence'
[0m
  [1m[35mSQL (3.3ms)[0m   SELECT name
 FROM sqlite_master
 WHERE type = 'table' AND NOT name = 'sqlite_sequence'
  [1m[36mSQL (0.8ms)[0m  [1mSELECT "schema_migrations"."version" FROM "schema_migrations"[0m
  [1m[35mAREL (0.5ms)[0m  DELETE FROM "artists" WHERE 1=1
  [1m[36mAREL (0.4ms)[0m  [1mDELETE FROM "users" WHERE 1=1[0m
  [1m[35mAREL (0.5ms)[0m  DELETE FROM "comments" WHERE 1=1
  [1m[36mAREL (0.4ms)[0m  [1mDELETE FROM "works" WHERE 1=1[0m
  [1m[35mAREL (0.5ms)[0m  DELETE FROM "locations" WHERE 1=1
  [1m[36mAREL (1.4ms)[0m  [1mINSERT INTO "artists" ("name", "website_url", "updated_at", "created_at") VALUES ('Pablo Picasso', 'http://www.picasso.com', '2011-02-15 16:20:30.367294', '2011-02-15 16:20:30.367294')[0m
  [1m[35mAREL (0.7ms)[0m  INSERT INTO "artists" ("name", "website_url", "updated_at", "created_at") VALUES ('Leonardo DaVinci', 'http://www.davinci.com', '2011-02-15 16:20:30.641154', '2011-02-15 16:20:30.641154')
WARNING: Can't mass-assign protected attributes: type
  [1m[36mAREL (0.8ms)[0m  [1mINSERT INTO "users" ("updated_at", "created_at", "username", "type") VALUES ('2011-02-15 16:20:30.920030', '2011-02-15 16:20:30.920030', 'Taylor Waylor', NULL)[0m
WARNING: Can't mass-assign protected attributes: type
  [1m[35mAREL (1.0ms)[0m  INSERT INTO "users" ("updated_at", "created_at", "username", "type") VALUES ('2011-02-15 16:20:31.107022', '2011-02-15 16:20:31.107022', 'Tommy Menino', NULL)
  [1m[36mUser Load (0.8ms)[0m  [1mSELECT "users".* FROM "users" WHERE ("users"."username" = 'Taylor Waylor') LIMIT 1[0m
  [1m[35mAREL (1.1ms)[0m  INSERT INTO "locations" ("is_active", "user_id", "created_at", "lat", "lng", "updated_at", "title") VALUES ('t', 1, '2011-02-15 16:20:31.241566', 42.356496, -71.067679, '2011-02-15 16:20:31.241566', 'Active.')
  [1m[36mUser Load (0.9ms)[0m  [1mSELECT "users".* FROM "users" WHERE ("users"."username" = 'Taylor Waylor') LIMIT 1[0m
  [1m[35mAREL (0.9ms)[0m  INSERT INTO "locations" ("is_active", "user_id", "created_at", "lat", "lng", "updated_at", "title") VALUES ('f', 1, '2011-02-15 16:20:31.379912', 42.357496, -71.067779, '2011-02-15 16:20:31.379912', 'Inactive.')
  [1m[36mArtist Load (0.7ms)[0m  [1mSELECT "artists".* FROM "artists" WHERE ("artists"."name" = 'Pablo Picasso') LIMIT 1[0m
  [1m[35mLocation Load (0.9ms)[0m  SELECT "locations".* FROM "locations" WHERE ("locations"."title" = 'Active.') LIMIT 1
  [1m[36mAREL (1.8ms)[0m  [1mINSERT INTO "works" ("artist_id", "created_at", "sketch", "title", "description", "updated_at", "is_real", "location_id") VALUES (1, '2011-02-15 16:20:31.541402', 'http://i.imgur.com/tTn2Z.jpg', 'El Diablo', 'It''s the devil, getit?', '2011-02-15 16:20:31.541402', 'f', 1)[0m


Started GET "/locations" for 127.0.0.1 at Tue Feb 15 11:22:05 -0500 2011
  Processing by LocationsController#index as HTML
  [1m[35mLocation Load (1.4ms)[0m  SELECT "locations".* FROM "locations"
  [1m[36mUser Load (0.5ms)[0m  [1mSELECT "users".* FROM "users" WHERE ("users"."id" = 1) LIMIT 1[0m
  [1m[35mWork Load (0.6ms)[0m  SELECT "works".* FROM "works" WHERE ("works".location_id = 1)
Rendered locations/index.html.erb within layouts/application (150.9ms)
Completed 200 OK in 189ms (Views: 160.9ms | ActiveRecord: 2.6ms)


Started GET "/locations/new" for 127.0.0.1 at Tue Feb 15 11:22:09 -0500 2011
  Processing by LocationsController#new as HTML
Rendered locations/_form.html.erb (50.5ms)
Rendered locations/new.html.erb within layouts/application (66.3ms)
Completed 200 OK in 244ms (Views: 224.0ms | ActiveRecord: 0.0ms)
  [1m[36mUser Load (2.1ms)[0m  [1mSELECT "users".* FROM "users"[0m


Started POST "/locations" for 127.0.0.1 at Tue Feb 15 11:22:52 -0500 2011
  Processing by LocationsController#create as HTML
  Parameters: {"commit"=>"Create Location", "location"=>{"title"=>"New Active", "lng"=>"-71.067679", "user_id"=>"1", "is_active"=>"1", "lat"=>"42.356496"}, "authenticity_token"=>"KOV45RNfXE19y0fsYHV5QueSlYh1TSAMoruknIv6wpk=", "utf8"=>"✓"}
  [1m[36mAREL (0.8ms)[0m  [1mINSERT INTO "locations" ("title", "is_active", "created_at", "lat", "updated_at", "user_id", "lng") VALUES ('New Active', 't', '2011-02-15 16:22:52.463332', 42.356496, '2011-02-15 16:22:52.463332', 1, -71.067679)[0m
Redirected to http://localhost:3000/locations/3
Completed 302 Found in 284ms


Started GET "/locations/3" for 127.0.0.1 at Tue Feb 15 11:22:52 -0500 2011
  Processing by LocationsController#show as HTML
  Parameters: {"id"=>"3"}
  [1m[35mLocation Load (0.6ms)[0m  SELECT "locations".* FROM "locations" WHERE ("locations"."id" = 3) LIMIT 1
Rendered locations/show.html.erb within layouts/application (36.2ms)
Completed 200 OK in 74ms (Views: 49.2ms | ActiveRecord: 0.6ms)


Started GET "/locations" for 127.0.0.1 at Tue Feb 15 11:22:55 -0500 2011
  Processing by LocationsController#index as HTML
  [1m[36mLocation Load (3.3ms)[0m  [1mSELECT "locations".* FROM "locations"[0m
  [1m[35mUser Load (0.8ms)[0m  SELECT "users".* FROM "users" WHERE ("users"."id" = 1) LIMIT 1
  [1m[36mWork Load (0.9ms)[0m  [1mSELECT "works".* FROM "works" WHERE ("works".location_id = 1)[0m
  [1m[35mCACHE (0.0ms)[0m  SELECT "users".* FROM "users" WHERE ("users"."id" = 1) LIMIT 1
  [1m[36mWork Load (0.5ms)[0m  [1mSELECT "works".* FROM "works" WHERE ("works".location_id = 3)[0m
Rendered locations/index.html.erb within layouts/application (393.6ms)
Completed 200 OK in 448ms (Views: 409.5ms | ActiveRecord: 5.5ms)


Started GET "/locations/new" for 127.0.0.1 at Tue Feb 15 11:23:19 -0500 2011
  Processing by LocationsController#new as HTML
Rendered locations/_form.html.erb (38.8ms)
Rendered locations/new.html.erb within layouts/application (54.0ms)
Completed 200 OK in 94ms (Views: 66.2ms | ActiveRecord: 0.0ms)
  [1m[35mLocation Load (1.2ms)[0m  SELECT "locations".* FROM "locations"


Started POST "/locations" for 127.0.0.1 at Tue Feb 15 11:24:12 -0500 2011
  Processing by LocationsController#create as HTML
  Parameters: {"commit"=>"Create Location", "location"=>{"title"=>"New Active Two", "lng"=>"-71.065", "user_id"=>"1", "is_active"=>"1", "lat"=>"42.356"}, "authenticity_token"=>"KOV45RNfXE19y0fsYHV5QueSlYh1TSAMoruknIv6wpk=", "utf8"=>"✓"}
  [1m[35mAREL (0.8ms)[0m  INSERT INTO "locations" ("lng", "title", "is_active", "updated_at", "user_id", "created_at", "lat") VALUES (-71.065, 'New Active Two', 't', '2011-02-15 16:24:12.797152', 1, '2011-02-15 16:24:12.797152', 42.356)
Redirected to http://localhost:3000/locations/4
Completed 302 Found in 272ms


Started GET "/locations/4" for 127.0.0.1 at Tue Feb 15 11:24:13 -0500 2011
  Processing by LocationsController#show as HTML
  Parameters: {"id"=>"4"}
  [1m[36mLocation Load (0.6ms)[0m  [1mSELECT "locations".* FROM "locations" WHERE ("locations"."id" = 4) LIMIT 1[0m
Rendered locations/show.html.erb within layouts/application (27.7ms)
Completed 200 OK in 64ms (Views: 39.1ms | ActiveRecord: 0.6ms)


Started GET "/locations/4/edit" for 127.0.0.1 at Tue Feb 15 11:29:01 -0500 2011
  Processing by LocationsController#edit as HTML
  Parameters: {"id"=>"4"}
  [1m[35mLocation Load (0.9ms)[0m  SELECT "locations".* FROM "locations" WHERE ("locations"."id" = 4) LIMIT 1
Rendered locations/_form.html.erb (36.3ms)
Rendered locations/edit.html.erb within layouts/application (51.5ms)
Completed 200 OK in 94ms (Views: 63.1ms | ActiveRecord: 0.9ms)


Started POST "/locations/4" for 127.0.0.1 at Tue Feb 15 11:29:03 -0500 2011
  Processing by LocationsController#update as HTML
  Parameters: {"commit"=>"Update Location", "location"=>{"title"=>"New Active Two", "lng"=>"-71.065", "user_id"=>"1", "is_active"=>"1", "lat"=>"42.356"}, "authenticity_token"=>"KOV45RNfXE19y0fsYHV5QueSlYh1TSAMoruknIv6wpk=", "utf8"=>"✓", "id"=>"4"}
  [1m[36mLocation Load (0.9ms)[0m  [1mSELECT "locations".* FROM "locations" WHERE ("locations"."id" = 4) LIMIT 1[0m
Redirected to http://localhost:3000/locations/4
Completed 302 Found in 219ms


Started GET "/locations/4" for 127.0.0.1 at Tue Feb 15 11:29:04 -0500 2011
  Processing by LocationsController#show as HTML
  Parameters: {"id"=>"4"}
  [1m[35mLocation Load (0.8ms)[0m  SELECT "locations".* FROM "locations" WHERE ("locations"."id" = 4) LIMIT 1
Rendered locations/show.html.erb within layouts/application (51.0ms)
Completed 200 OK in 114ms (Views: 68.7ms | ActiveRecord: 0.8ms)


Started GET "/locations" for 127.0.0.1 at Tue Feb 15 11:29:06 -0500 2011
  Processing by LocationsController#index as HTML
  [1m[36mLocation Load (1.9ms)[0m  [1mSELECT "locations".* FROM "locations"[0m
  [1m[35mUser Load (0.5ms)[0m  SELECT "users".* FROM "users" WHERE ("users"."id" = 1) LIMIT 1
  [1m[36mWork Load (1.1ms)[0m  [1mSELECT "works".* FROM "works" WHERE ("works".location_id = 1)[0m
  [1m[35mCACHE (0.0ms)[0m  SELECT "users".* FROM "users" WHERE ("users"."id" = 1) LIMIT 1
  [1m[36mWork Load (0.5ms)[0m  [1mSELECT "works".* FROM "works" WHERE ("works".location_id = 3)[0m
  [1m[35mCACHE (0.0ms)[0m  SELECT "users".* FROM "users" WHERE ("users"."id" = 1) LIMIT 1
  [1m[36mWork Load (0.5ms)[0m  [1mSELECT "works".* FROM "works" WHERE ("works".location_id = 4)[0m
Rendered locations/index.html.erb within layouts/application (214.3ms)
Completed 200 OK in 250ms (Views: 224.6ms | ActiveRecord: 4.5ms)


Started GET "/locations/new" for 127.0.0.1 at Tue Feb 15 11:29:11 -0500 2011
  Processing by LocationsController#new as HTML
Rendered locations/_form.html.erb (47.9ms)
Rendered locations/new.html.erb within layouts/application (64.2ms)
Completed 200 OK in 230ms (Views: 81.3ms | ActiveRecord: 0.0ms)


Started POST "/locations" for 127.0.0.1 at Tue Feb 15 11:29:23 -0500 2011
  Processing by LocationsController#create as HTML
  Parameters: {"commit"=>"Create Location", "location"=>{"title"=>"Bragh.", "lng"=>"-71", "user_id"=>"1", "is_active"=>"1", "lat"=>"42"}, "authenticity_token"=>"KOV45RNfXE19y0fsYHV5QueSlYh1TSAMoruknIv6wpk=", "utf8"=>"✓"}
  [1m[35mAREL (0.8ms)[0m  INSERT INTO "locations" ("user_id", "title", "is_active", "lng", "lat", "updated_at", "created_at") VALUES (1, 'Bragh.', 't', -71.0, 42.0, '2011-02-15 16:29:23.411059', '2011-02-15 16:29:23.411059')
Redirected to http://localhost:3000/
Completed 302 Found in 300ms


Started GET "/" for 127.0.0.1 at Tue Feb 15 11:29:23 -0500 2011
  Processing by LocationsController#index as HTML
  [1m[36mLocation Load (2.8ms)[0m  [1mSELECT "locations".* FROM "locations"[0m
  [1m[35mUser Load (0.7ms)[0m  SELECT "users".* FROM "users" WHERE ("users"."id" = 1) LIMIT 1
  [1m[36mWork Load (0.9ms)[0m  [1mSELECT "works".* FROM "works" WHERE ("works".location_id = 1)[0m
  [1m[35mCACHE (0.0ms)[0m  SELECT "users".* FROM "users" WHERE ("users"."id" = 1) LIMIT 1
  [1m[36mWork Load (0.6ms)[0m  [1mSELECT "works".* FROM "works" WHERE ("works".location_id = 3)[0m
  [1m[35mCACHE (0.0ms)[0m  SELECT "users".* FROM "users" WHERE ("users"."id" = 1) LIMIT 1
  [1m[36mWork Load (0.6ms)[0m  [1mSELECT "works".* FROM "works" WHERE ("works".location_id = 4)[0m
  [1m[35mCACHE (0.0ms)[0m  SELECT "users".* FROM "users" WHERE ("users"."id" = 1) LIMIT 1
  [1m[36mWork Load (0.6ms)[0m  [1mSELECT "works".* FROM "works" WHERE ("works".location_id = 5)[0m
Rendered locations/index.html.erb within layouts/application (261.2ms)
Completed 200 OK in 329ms (Views: 276.2ms | ActiveRecord: 6.4ms)
